{"contracts\\Abstract\\Factory.sol":{"l":{"55":0,"56":0,"61":0,"62":0,"63":0,"64":0,"70":0,"71":0,"73":0,"74":0,"75":0,"77":0,"79":0,"85":0,"86":0,"92":0,"93":0,"100":0,"105":0,"110":0},"path":"C:\\Users\\d-aam\\GitHub\\Certificates\\contracts\\Abstract\\Factory.sol","s":{"1":0,"2":0,"3":0,"4":0,"5":0,"6":0,"7":0,"8":0,"9":0,"10":0,"11":0,"12":0,"13":0,"14":0,"15":0,"16":0,"17":0,"18":0,"19":0,"20":0,"21":0},"b":{"1":[0,0],"2":[0,0]},"f":{"1":0,"2":0,"3":0,"4":0,"5":0,"6":0,"7":0,"8":0},"fnMap":{"1":{"name":"isIdCorrect","line":54,"loc":{"start":{"line":54,"column":4},"end":{"line":57,"column":4}}},"2":{"name":"Factory_init","line":60,"loc":{"start":{"line":60,"column":4},"end":{"line":65,"column":4}}},"3":{"name":"internalCreate","line":68,"loc":{"start":{"line":68,"column":4},"end":{"line":80,"column":4}}},"4":{"name":"updateContractName","line":83,"loc":{"start":{"line":82,"column":4},"end":{"line":87,"column":4}}},"5":{"name":"updateContractVersion","line":90,"loc":{"start":{"line":89,"column":4},"end":{"line":94,"column":4}}},"6":{"name":"retrieve","line":97,"loc":{"start":{"line":96,"column":4},"end":{"line":101,"column":4}}},"7":{"name":"retrieveTotal","line":103,"loc":{"start":{"line":103,"column":4},"end":{"line":106,"column":4}}},"8":{"name":"retrieveConfig","line":108,"loc":{"start":{"line":108,"column":4},"end":{"line":111,"column":4}}}},"statementMap":{"1":{"start":{"line":55,"column":8},"end":{"line":55,"column":36}},"2":{"start":{"line":61,"column":8},"end":{"line":61,"column":61}},"3":{"start":{"line":62,"column":8},"end":{"line":62,"column":33}},"4":{"start":{"line":63,"column":8},"end":{"line":63,"column":25}},"5":{"start":{"line":64,"column":8},"end":{"line":64,"column":28}},"6":{"start":{"line":70,"column":8},"end":{"line":70,"column":24}},"7":{"start":{"line":71,"column":8},"end":{"line":71,"column":74}},"8":{"start":{"line":71,"column":38},"end":{"line":71,"column":73}},"9":{"start":{"line":73,"column":8},"end":{"line":73,"column":70}},"10":{"start":{"line":74,"column":8},"end":{"line":74,"column":101}},"11":{"start":{"line":75,"column":8},"end":{"line":75,"column":30}},"12":{"start":{"line":77,"column":8},"end":{"line":77,"column":164}},"13":{"start":{"line":77,"column":24},"end":{"line":77,"column":163}},"14":{"start":{"line":79,"column":8},"end":{"line":79,"column":130}},"15":{"start":{"line":85,"column":8},"end":{"line":85,"column":35}},"16":{"start":{"line":86,"column":8},"end":{"line":86,"column":58}},"17":{"start":{"line":92,"column":8},"end":{"line":92,"column":41}},"18":{"start":{"line":93,"column":8},"end":{"line":93,"column":64}},"19":{"start":{"line":100,"column":8},"end":{"line":100,"column":102}},"20":{"start":{"line":105,"column":8},"end":{"line":105,"column":32}},"21":{"start":{"line":110,"column":8},"end":{"line":110,"column":61}}},"branchMap":{"1":{"line":71,"type":"if","locations":[{"start":{"line":71,"column":8},"end":{"line":71,"column":8}},{"start":{"line":71,"column":8},"end":{"line":71,"column":8}}]},"2":{"line":77,"type":"if","locations":[{"start":{"line":77,"column":8},"end":{"line":77,"column":8}},{"start":{"line":77,"column":8},"end":{"line":77,"column":8}}]}}},"contracts\\Abstract\\MultiSigCertificatesPool.sol":{"l":{"53":0,"54":0,"58":0,"59":0,"63":0,"64":0,"68":0,"69":0,"75":0,"76":0,"77":0,"78":0,"79":0,"86":0,"91":0,"96":0,"101":0,"106":0,"111":0,"116":0,"121":0,"127":0,"128":0,"133":0,"134":0,"135":0,"144":0,"145":0,"153":0,"155":0,"160":0,"161":0,"162":0,"170":0,"171":0,"173":0,"174":0,"176":0,"177":0,"179":0,"181":0,"189":0,"195":0,"201":0,"202":0,"205":0,"206":0,"207":0,"209":0,"210":0,"211":0,"212":0,"214":0,"215":0,"216":0,"217":0,"220":0,"221":0,"225":0,"230":0,"235":0},"path":"C:\\Users\\d-aam\\GitHub\\Certificates\\contracts\\Abstract\\MultiSigCertificatesPool.sol","s":{"1":0,"2":0,"3":0,"4":0,"5":0,"6":0,"7":0,"8":0,"9":0,"10":0,"11":0,"12":0,"13":0,"14":0,"15":0,"16":0,"17":0,"18":0,"19":0,"20":0,"21":0,"22":0,"23":0,"24":0,"25":0,"26":0,"27":0,"28":0,"29":0,"30":0,"31":0,"32":0,"33":0,"34":0,"35":0,"36":0,"37":0,"38":0,"39":0,"40":0,"41":0,"42":0,"43":0,"44":0,"45":0,"46":0,"47":0,"48":0,"49":0,"50":0,"51":0,"52":0,"53":0,"54":0,"55":0,"56":0,"57":0},"b":{"1":[0,0],"2":[0,0],"3":[0,0],"4":[0,0],"5":[0,0],"6":[0,0],"7":[0,0],"8":[0,0],"9":[0,0],"10":[0,0],"11":[0,0],"12":[0,0]},"f":{"1":0,"2":0,"3":0,"4":0,"5":0,"6":0,"7":0,"8":0,"9":0,"10":0,"11":0,"12":0,"13":0,"14":0,"15":0,"16":0,"17":0,"18":0,"19":0,"20":0,"21":0,"22":0,"23":0,"24":0,"25":0},"fnMap":{"1":{"name":"isAProvider","line":52,"loc":{"start":{"line":52,"column":4},"end":{"line":55,"column":4}}},"2":{"name":"CertificateDoesNotExist","line":57,"loc":{"start":{"line":57,"column":4},"end":{"line":60,"column":4}}},"3":{"name":"CertificateExist","line":62,"loc":{"start":{"line":62,"column":4},"end":{"line":65,"column":4}}},"4":{"name":"AddressIsNot","line":67,"loc":{"start":{"line":67,"column":4},"end":{"line":70,"column":4}}},"5":{"name":"MultiSigCertPool_init","line":73,"loc":{"start":{"line":73,"column":4},"end":{"line":80,"column":4}}},"6":{"name":"addProvider","line":84,"loc":{"start":{"line":84,"column":4},"end":{"line":87,"column":4}}},"7":{"name":"removeProvider","line":89,"loc":{"start":{"line":89,"column":4},"end":{"line":92,"column":4}}},"8":{"name":"validateProvider","line":94,"loc":{"start":{"line":94,"column":4},"end":{"line":97,"column":4}}},"9":{"name":"rejectProvider","line":99,"loc":{"start":{"line":99,"column":4},"end":{"line":102,"column":4}}},"10":{"name":"retrieveProvider","line":104,"loc":{"start":{"line":104,"column":4},"end":{"line":107,"column":4}}},"11":{"name":"retrieveAllProviders","line":109,"loc":{"start":{"line":109,"column":4},"end":{"line":112,"column":4}}},"12":{"name":"isProvider","line":114,"loc":{"start":{"line":114,"column":4},"end":{"line":117,"column":4}}},"13":{"name":"retrievePendingProviders","line":119,"loc":{"start":{"line":119,"column":4},"end":{"line":122,"column":4}}},"14":{"name":"addCertificate","line":125,"loc":{"start":{"line":125,"column":4},"end":{"line":129,"column":4}}},"15":{"name":"addCertificateOnBehalfOf","line":131,"loc":{"start":{"line":131,"column":4},"end":{"line":136,"column":4}}},"16":{"name":"onBeforeAddCertificate","line":138,"loc":{"start":{"line":138,"column":4},"end":{"line":138,"column":56}}},"17":{"name":"checkSignature","line":142,"loc":{"start":{"line":140,"column":4},"end":{"line":146,"column":4}}},"18":{"name":"addCertificateInternal","line":151,"loc":{"start":{"line":148,"column":4},"end":{"line":156,"column":4}}},"19":{"name":"addingCertificate","line":158,"loc":{"start":{"line":158,"column":4},"end":{"line":163,"column":4}}},"20":{"name":"transferCertificate","line":168,"loc":{"start":{"line":166,"column":4},"end":{"line":184,"column":4}}},"21":{"name":"retrieveCertificateProvider","line":186,"loc":{"start":{"line":186,"column":4},"end":{"line":190,"column":4}}},"22":{"name":"retrieveTotalCertificatesByHolder","line":192,"loc":{"start":{"line":192,"column":4},"end":{"line":196,"column":4}}},"23":{"name":"retrieveCertificatesByHolder","line":198,"loc":{"start":{"line":198,"column":4},"end":{"line":226,"column":4}}},"24":{"name":"retrieveAddCertificatePriceWei","line":228,"loc":{"start":{"line":228,"column":4},"end":{"line":231,"column":4}}},"25":{"name":"retrieveSubscriptionPriceWei","line":233,"loc":{"start":{"line":233,"column":4},"end":{"line":236,"column":4}}}},"statementMap":{"1":{"start":{"line":53,"column":8},"end":{"line":53,"column":53}},"2":{"start":{"line":58,"column":8},"end":{"line":58,"column":121}},"3":{"start":{"line":63,"column":8},"end":{"line":63,"column":121}},"4":{"start":{"line":68,"column":8},"end":{"line":68,"column":54}},"5":{"start":{"line":75,"column":8},"end":{"line":75,"column":31}},"6":{"start":{"line":76,"column":8},"end":{"line":76,"column":30}},"7":{"start":{"line":77,"column":8},"end":{"line":77,"column":33}},"8":{"start":{"line":78,"column":8},"end":{"line":78,"column":55}},"9":{"start":{"line":79,"column":8},"end":{"line":79,"column":99}},"10":{"start":{"line":86,"column":8},"end":{"line":86,"column":53}},"11":{"start":{"line":91,"column":7},"end":{"line":91,"column":41}},"12":{"start":{"line":96,"column":8},"end":{"line":96,"column":44}},"13":{"start":{"line":101,"column":8},"end":{"line":101,"column":42}},"14":{"start":{"line":106,"column":8},"end":{"line":106,"column":54}},"15":{"start":{"line":111,"column":8},"end":{"line":111,"column":48}},"16":{"start":{"line":116,"column":8},"end":{"line":116,"column":47}},"17":{"start":{"line":121,"column":8},"end":{"line":121,"column":67}},"18":{"start":{"line":127,"column":8},"end":{"line":127,"column":31}},"19":{"start":{"line":128,"column":8},"end":{"line":128,"column":66}},"20":{"start":{"line":133,"column":8},"end":{"line":133,"column":31}},"21":{"start":{"line":134,"column":8},"end":{"line":134,"column":84}},"22":{"start":{"line":135,"column":8},"end":{"line":135,"column":64}},"23":{"start":{"line":144,"column":8},"end":{"line":144,"column":166}},"24":{"start":{"line":145,"column":8},"end":{"line":145,"column":37}},"25":{"start":{"line":153,"column":8},"end":{"line":153,"column":59}},"26":{"start":{"line":155,"column":8},"end":{"line":155,"column":63}},"27":{"start":{"line":160,"column":8},"end":{"line":160,"column":100}},"28":{"start":{"line":161,"column":8},"end":{"line":161,"column":79}},"29":{"start":{"line":162,"column":8},"end":{"line":162,"column":148}},"30":{"start":{"line":170,"column":8},"end":{"line":170,"column":6452}},"31":{"start":{"line":171,"column":12},"end":{"line":171,"column":144}},"32":{"start":{"line":173,"column":8},"end":{"line":173,"column":6726}},"33":{"start":{"line":174,"column":13},"end":{"line":174,"column":105}},"34":{"start":{"line":177,"column":12},"end":{"line":177,"column":97}},"35":{"start":{"line":179,"column":12},"end":{"line":179,"column":214}},"36":{"start":{"line":179,"column":83},"end":{"line":179,"column":213}},"37":{"start":{"line":181,"column":12},"end":{"line":181,"column":77}},"38":{"start":{"line":189,"column":8},"end":{"line":189,"column":99}},"39":{"start":{"line":195,"column":8},"end":{"line":195,"column":74}},"40":{"start":{"line":201,"column":8},"end":{"line":201,"column":8153}},"41":{"start":{"line":202,"column":12},"end":{"line":202,"column":37}},"42":{"start":{"line":205,"column":8},"end":{"line":205,"column":26}},"43":{"start":{"line":206,"column":8},"end":{"line":206,"column":8304}},"44":{"start":{"line":207,"column":12},"end":{"line":207,"column":74}},"45":{"start":{"line":209,"column":8},"end":{"line":209,"column":76}},"46":{"start":{"line":210,"column":8},"end":{"line":210,"column":88}},"47":{"start":{"line":211,"column":8},"end":{"line":211,"column":22}},"48":{"start":{"line":212,"column":8},"end":{"line":212,"column":24}},"49":{"start":{"line":214,"column":8},"end":{"line":214,"column":8699}},"50":{"start":{"line":215,"column":12},"end":{"line":215,"column":34}},"51":{"start":{"line":216,"column":12},"end":{"line":216,"column":8796}},"52":{"start":{"line":217,"column":20},"end":{"line":217,"column":31}},"53":{"start":{"line":220,"column":16},"end":{"line":220,"column":64}},"54":{"start":{"line":221,"column":16},"end":{"line":221,"column":25}},"55":{"start":{"line":225,"column":8},"end":{"line":225,"column":43}},"56":{"start":{"line":230,"column":8},"end":{"line":230,"column":16}},"57":{"start":{"line":235,"column":8},"end":{"line":235,"column":16}}},"branchMap":{"1":{"line":53,"type":"if","locations":[{"start":{"line":53,"column":8},"end":{"line":53,"column":8}},{"start":{"line":53,"column":8},"end":{"line":53,"column":8}}]},"2":{"line":58,"type":"if","locations":[{"start":{"line":58,"column":8},"end":{"line":58,"column":8}},{"start":{"line":58,"column":8},"end":{"line":58,"column":8}}]},"3":{"line":63,"type":"if","locations":[{"start":{"line":63,"column":8},"end":{"line":63,"column":8}},{"start":{"line":63,"column":8},"end":{"line":63,"column":8}}]},"4":{"line":68,"type":"if","locations":[{"start":{"line":68,"column":8},"end":{"line":68,"column":8}},{"start":{"line":68,"column":8},"end":{"line":68,"column":8}}]},"5":{"line":144,"type":"if","locations":[{"start":{"line":144,"column":8},"end":{"line":144,"column":8}},{"start":{"line":144,"column":8},"end":{"line":144,"column":8}}]},"6":{"line":170,"type":"if","locations":[{"start":{"line":170,"column":8},"end":{"line":170,"column":8}},{"start":{"line":170,"column":8},"end":{"line":170,"column":8}}]},"7":{"line":173,"type":"if","locations":[{"start":{"line":173,"column":8},"end":{"line":173,"column":8}},{"start":{"line":173,"column":8},"end":{"line":173,"column":8}}]},"8":{"line":179,"type":"if","locations":[{"start":{"line":179,"column":12},"end":{"line":179,"column":12}},{"start":{"line":179,"column":12},"end":{"line":179,"column":12}}]},"9":{"line":201,"type":"if","locations":[{"start":{"line":201,"column":8},"end":{"line":201,"column":8}},{"start":{"line":201,"column":8},"end":{"line":201,"column":8}}]},"10":{"line":206,"type":"if","locations":[{"start":{"line":206,"column":8},"end":{"line":206,"column":8}},{"start":{"line":206,"column":8},"end":{"line":206,"column":8}}]},"11":{"line":215,"type":"if","locations":[{"start":{"line":215,"column":12},"end":{"line":215,"column":12}},{"start":{"line":215,"column":12},"end":{"line":215,"column":12}}]},"12":{"line":216,"type":"if","locations":[{"start":{"line":216,"column":12},"end":{"line":216,"column":12}},{"start":{"line":216,"column":12},"end":{"line":216,"column":12}}]}}},"contracts\\Abstract\\MultiSigContract.sol":{"l":{"25":0,"26":0,"30":0,"31":0,"35":0,"39":0,"40":0,"44":0,"48":0,"49":0,"53":0,"62":0,"64":0,"66":0,"67":0,"68":0,"71":0,"72":0,"73":0,"74":0,"75":0,"76":0,"83":0,"89":0,"94":0,"95":0,"97":0,"102":0,"106":0,"110":0,"114":0,"118":0,"122":0,"132":0,"133":0,"141":0,"149":0,"154":0,"155":0,"156":0,"157":0,"162":0,"165":0,"167":0,"172":0,"174":0,"175":0,"179":0,"186":0,"191":0},"path":"C:\\Users\\d-aam\\GitHub\\Certificates\\contracts\\Abstract\\MultiSigContract.sol","s":{"1":0,"2":0,"3":0,"4":0,"5":0,"6":0,"7":0,"8":0,"9":0,"10":0,"11":0,"12":0,"13":0,"14":0,"15":0,"16":0,"17":0,"18":0,"19":0,"20":0,"21":0,"22":0,"23":0,"24":0,"25":0,"26":0,"27":0,"28":0,"29":0,"30":0,"31":0,"32":0,"33":0,"34":0,"35":0,"36":0,"37":0,"38":0,"39":0,"40":0,"41":0,"42":0,"43":0,"44":0,"45":0,"46":0,"47":0,"48":0,"49":0,"50":0},"b":{"1":[0,0],"2":[0,0],"3":[0,0],"4":[0,0],"5":[0,0],"6":[0,0],"7":[0,0],"8":[0,0],"9":[0,0],"10":[0,0],"11":[0,0],"12":[0,0],"13":[0,0]},"f":{"1":0,"2":0,"3":0,"4":0,"5":0,"6":0,"7":0,"8":0,"9":0,"10":0,"11":0,"12":0,"13":0,"14":0,"15":0,"16":0,"17":0,"18":0,"19":0,"20":0,"21":0,"22":0,"23":0,"24":0,"25":0},"fnMap":{"1":{"name":"NotEmpty","line":24,"loc":{"start":{"line":24,"column":4},"end":{"line":27,"column":4}}},"2":{"name":"minRequired","line":29,"loc":{"start":{"line":29,"column":4},"end":{"line":32,"column":4}}},"3":{"name":"minRequiredFunc","line":34,"loc":{"start":{"line":34,"column":4},"end":{"line":36,"column":4}}},"4":{"name":"HasNotAlreadyVotedMinOwner","line":38,"loc":{"start":{"line":38,"column":4},"end":{"line":41,"column":4}}},"5":{"name":"HasNotAlreadyVotedMinOwnerFunc","line":43,"loc":{"start":{"line":43,"column":4},"end":{"line":45,"column":4}}},"6":{"name":"NewMinOwnerInProgress","line":47,"loc":{"start":{"line":47,"column":4},"end":{"line":50,"column":4}}},"7":{"name":"NewMinOwnerInProgressFunc","line":52,"loc":{"start":{"line":52,"column":4},"end":{"line":55,"column":4}}},"8":{"name":"MultiSigContract_init","line":60,"loc":{"start":{"line":58,"column":4},"end":{"line":78,"column":4}}},"9":{"name":"addOwner","line":81,"loc":{"start":{"line":81,"column":4},"end":{"line":84,"column":4}}},"10":{"name":"removeOwner","line":87,"loc":{"start":{"line":86,"column":4},"end":{"line":90,"column":4}}},"11":{"name":"validateOwner","line":92,"loc":{"start":{"line":92,"column":4},"end":{"line":98,"column":4}}},"12":{"name":"rejectOwner","line":100,"loc":{"start":{"line":100,"column":4},"end":{"line":103,"column":4}}},"13":{"name":"retrieveOwner","line":105,"loc":{"start":{"line":105,"column":4},"end":{"line":107,"column":4}}},"14":{"name":"retrieveAllOwners","line":109,"loc":{"start":{"line":109,"column":4},"end":{"line":111,"column":4}}},"15":{"name":"retrieveMinOwners","line":113,"loc":{"start":{"line":113,"column":4},"end":{"line":115,"column":4}}},"16":{"name":"isOwner","line":117,"loc":{"start":{"line":117,"column":4},"end":{"line":119,"column":4}}},"17":{"name":"retrievePendingOwners","line":121,"loc":{"start":{"line":121,"column":4},"end":{"line":123,"column":4}}},"18":{"name":"changeMinOwners","line":130,"loc":{"start":{"line":126,"column":4},"end":{"line":134,"column":4}}},"19":{"name":"validateMinOwners","line":139,"loc":{"start":{"line":136,"column":4},"end":{"line":142,"column":4}}},"20":{"name":"rejectMinOwners","line":147,"loc":{"start":{"line":144,"column":4},"end":{"line":150,"column":4}}},"21":{"name":"deleteNewMinOwners","line":152,"loc":{"start":{"line":152,"column":4},"end":{"line":158,"column":4}}},"22":{"name":"voteNewMinOwners","line":160,"loc":{"start":{"line":160,"column":4},"end":{"line":168,"column":4}}},"23":{"name":"checkNewMinOwners","line":170,"loc":{"start":{"line":170,"column":4},"end":{"line":182,"column":4}}},"24":{"name":"retrievePendingMinOwners","line":184,"loc":{"start":{"line":184,"column":4},"end":{"line":187,"column":4}}},"25":{"name":"retrievePendingMinOwnersStatus","line":189,"loc":{"start":{"line":189,"column":4},"end":{"line":192,"column":4}}}},"statementMap":{"1":{"start":{"line":25,"column":8},"end":{"line":25,"column":44}},"2":{"start":{"line":30,"column":9},"end":{"line":30,"column":36}},"3":{"start":{"line":35,"column":8},"end":{"line":35,"column":38}},"4":{"start":{"line":39,"column":8},"end":{"line":39,"column":44}},"5":{"start":{"line":44,"column":8},"end":{"line":44,"column":87}},"6":{"start":{"line":48,"column":8},"end":{"line":48,"column":41}},"7":{"start":{"line":53,"column":8},"end":{"line":53,"column":1707}},"8":{"start":{"line":53,"column":20},"end":{"line":53,"column":55}},"9":{"start":{"line":54,"column":13},"end":{"line":54,"column":48}},"10":{"start":{"line":62,"column":8},"end":{"line":62,"column":55}},"11":{"start":{"line":64,"column":8},"end":{"line":64,"column":25}},"12":{"start":{"line":66,"column":8},"end":{"line":66,"column":2194}},"13":{"start":{"line":67,"column":12},"end":{"line":67,"column":27}},"14":{"start":{"line":68,"column":12},"end":{"line":68,"column":41}},"15":{"start":{"line":71,"column":8},"end":{"line":71,"column":29}},"16":{"start":{"line":72,"column":8},"end":{"line":72,"column":2364}},"17":{"start":{"line":73,"column":12},"end":{"line":73,"column":77}},"18":{"start":{"line":74,"column":12},"end":{"line":74,"column":89}},"19":{"start":{"line":75,"column":12},"end":{"line":75,"column":69}},"20":{"start":{"line":76,"column":12},"end":{"line":76,"column":65}},"21":{"start":{"line":83,"column":8},"end":{"line":83,"column":44}},"22":{"start":{"line":89,"column":8},"end":{"line":89,"column":36}},"23":{"start":{"line":94,"column":8},"end":{"line":94,"column":3225}},"24":{"start":{"line":95,"column":12},"end":{"line":95,"column":83}},"25":{"start":{"line":97,"column":8},"end":{"line":97,"column":38}},"26":{"start":{"line":102,"column":8},"end":{"line":102,"column":36}},"27":{"start":{"line":106,"column":8},"end":{"line":106,"column":48}},"28":{"start":{"line":110,"column":8},"end":{"line":110,"column":45}},"29":{"start":{"line":114,"column":8},"end":{"line":114,"column":27}},"30":{"start":{"line":118,"column":8},"end":{"line":118,"column":41}},"31":{"start":{"line":122,"column":8},"end":{"line":122,"column":64}},"32":{"start":{"line":132,"column":8},"end":{"line":132,"column":35}},"33":{"start":{"line":133,"column":8},"end":{"line":133,"column":29}},"34":{"start":{"line":141,"column":8},"end":{"line":141,"column":29}},"35":{"start":{"line":149,"column":8},"end":{"line":149,"column":30}},"36":{"start":{"line":154,"column":8},"end":{"line":154,"column":24}},"37":{"start":{"line":155,"column":8},"end":{"line":155,"column":32}},"38":{"start":{"line":156,"column":8},"end":{"line":156,"column":36}},"39":{"start":{"line":162,"column":8},"end":{"line":162,"column":5392}},"40":{"start":{"line":162,"column":17},"end":{"line":162,"column":42}},"41":{"start":{"line":163,"column":13},"end":{"line":163,"column":42}},"42":{"start":{"line":165,"column":8},"end":{"line":165,"column":43}},"43":{"start":{"line":167,"column":8},"end":{"line":167,"column":26}},"44":{"start":{"line":172,"column":8},"end":{"line":172,"column":5597}},"45":{"start":{"line":174,"column":12},"end":{"line":174,"column":37}},"46":{"start":{"line":175,"column":12},"end":{"line":175,"column":31}},"47":{"start":{"line":177,"column":13},"end":{"line":177,"column":5778}},"48":{"start":{"line":179,"column":12},"end":{"line":179,"column":31}},"49":{"start":{"line":186,"column":8},"end":{"line":186,"column":28}},"50":{"start":{"line":191,"column":8},"end":{"line":191,"column":86}}},"branchMap":{"1":{"line":25,"type":"if","locations":[{"start":{"line":25,"column":8},"end":{"line":25,"column":8}},{"start":{"line":25,"column":8},"end":{"line":25,"column":8}}]},"2":{"line":35,"type":"if","locations":[{"start":{"line":35,"column":8},"end":{"line":35,"column":8}},{"start":{"line":35,"column":8},"end":{"line":35,"column":8}}]},"3":{"line":44,"type":"if","locations":[{"start":{"line":44,"column":8},"end":{"line":44,"column":8}},{"start":{"line":44,"column":8},"end":{"line":44,"column":8}}]},"4":{"line":53,"type":"if","locations":[{"start":{"line":53,"column":8},"end":{"line":53,"column":8}},{"start":{"line":53,"column":8},"end":{"line":53,"column":8}}]},"5":{"line":53,"type":"if","locations":[{"start":{"line":53,"column":20},"end":{"line":53,"column":20}},{"start":{"line":53,"column":20},"end":{"line":53,"column":20}}]},"6":{"line":54,"type":"if","locations":[{"start":{"line":54,"column":13},"end":{"line":54,"column":13}},{"start":{"line":54,"column":13},"end":{"line":54,"column":13}}]},"7":{"line":62,"type":"if","locations":[{"start":{"line":62,"column":8},"end":{"line":62,"column":8}},{"start":{"line":62,"column":8},"end":{"line":62,"column":8}}]},"8":{"line":74,"type":"if","locations":[{"start":{"line":74,"column":12},"end":{"line":74,"column":12}},{"start":{"line":74,"column":12},"end":{"line":74,"column":12}}]},"9":{"line":94,"type":"if","locations":[{"start":{"line":94,"column":8},"end":{"line":94,"column":8}},{"start":{"line":94,"column":8},"end":{"line":94,"column":8}}]},"10":{"line":95,"type":"if","locations":[{"start":{"line":95,"column":12},"end":{"line":95,"column":12}},{"start":{"line":95,"column":12},"end":{"line":95,"column":12}}]},"11":{"line":162,"type":"if","locations":[{"start":{"line":162,"column":8},"end":{"line":162,"column":8}},{"start":{"line":162,"column":8},"end":{"line":162,"column":8}}]},"12":{"line":172,"type":"if","locations":[{"start":{"line":172,"column":8},"end":{"line":172,"column":8}},{"start":{"line":172,"column":8},"end":{"line":172,"column":8}}]},"13":{"line":177,"type":"if","locations":[{"start":{"line":177,"column":13},"end":{"line":177,"column":13}},{"start":{"line":177,"column":13},"end":{"line":177,"column":13}}]}}},"contracts\\Base\\EntitiesBaseContract.sol":{"l":{"43":0,"44":0,"48":0,"49":0,"53":0,"54":0,"58":0,"66":0,"69":0,"76":0,"79":0,"86":0,"89":0,"96":0,"99":0,"105":0,"106":0,"107":0,"108":0,"109":0,"110":0,"117":0,"118":0,"125":0,"132":0,"133":0,"140":0,"141":0,"148":0,"149":0,"150":0},"path":"C:\\Users\\d-aam\\GitHub\\Certificates\\contracts\\Base\\EntitiesBaseContract.sol","s":{"1":0,"2":0,"3":0,"4":0,"5":0,"6":0,"7":0,"8":0,"9":0,"10":0,"11":0,"12":0,"13":0,"14":0,"15":0,"16":0,"17":0,"18":0,"19":0,"20":0,"21":0,"22":0,"23":0,"24":0,"25":0,"26":0,"27":0,"28":0},"b":{"1":[0,0]},"f":{"1":0,"2":0,"3":0,"4":0,"5":0,"6":0,"7":0,"8":0,"9":0,"10":0,"11":0,"12":0,"13":0,"14":0,"15":0,"16":0},"fnMap":{"1":{"name":"isSomeoneSpecific","line":42,"loc":{"start":{"line":42,"column":4},"end":{"line":45,"column":4}}},"2":{"name":"isIdCorrect","line":47,"loc":{"start":{"line":47,"column":4},"end":{"line":50,"column":4}}},"3":{"name":"isAnOwner","line":52,"loc":{"start":{"line":52,"column":4},"end":{"line":55,"column":4}}},"4":{"name":"isAnOwnerFunc","line":57,"loc":{"start":{"line":57,"column":4},"end":{"line":59,"column":4}}},"5":{"name":"addEntity","line":64,"loc":{"start":{"line":62,"column":4},"end":{"line":70,"column":4}}},"6":{"name":"removeEntity","line":74,"loc":{"start":{"line":72,"column":4},"end":{"line":80,"column":4}}},"7":{"name":"validateEntity","line":84,"loc":{"start":{"line":82,"column":4},"end":{"line":90,"column":4}}},"8":{"name":"rejectEntity","line":94,"loc":{"start":{"line":92,"column":4},"end":{"line":100,"column":4}}},"9":{"name":"GenerateStructsEntity","line":102,"loc":{"start":{"line":102,"column":4},"end":{"line":111,"column":4}}},"10":{"name":"retrieveEntity","line":114,"loc":{"start":{"line":113,"column":4},"end":{"line":119,"column":4}}},"11":{"name":"retrieveAllEntities","line":122,"loc":{"start":{"line":121,"column":4},"end":{"line":126,"column":4}}},"12":{"name":"isEntity","line":129,"loc":{"start":{"line":128,"column":4},"end":{"line":134,"column":4}}},"13":{"name":"isEntityPendingToRemoved","line":137,"loc":{"start":{"line":136,"column":4},"end":{"line":142,"column":4}}},"14":{"name":"retrievePendingEntities","line":145,"loc":{"start":{"line":144,"column":4},"end":{"line":151,"column":4}}},"15":{"name":"onItemValidated","line":155,"loc":{"start":{"line":154,"column":4},"end":{"line":156,"column":5}}},"16":{"name":"onItemRejected","line":159,"loc":{"start":{"line":158,"column":4},"end":{"line":160,"column":5}}}},"statementMap":{"1":{"start":{"line":43,"column":8},"end":{"line":43,"column":41}},"2":{"start":{"line":48,"column":8},"end":{"line":48,"column":36}},"3":{"start":{"line":53,"column":8},"end":{"line":53,"column":26}},"4":{"start":{"line":58,"column":8},"end":{"line":58,"column":56}},"5":{"start":{"line":66,"column":8},"end":{"line":66,"column":2389}},"6":{"start":{"line":69,"column":8},"end":{"line":69,"column":77}},"7":{"start":{"line":76,"column":8},"end":{"line":76,"column":2812}},"8":{"start":{"line":79,"column":8},"end":{"line":79,"column":80}},"9":{"start":{"line":86,"column":8},"end":{"line":86,"column":3240}},"10":{"start":{"line":89,"column":8},"end":{"line":89,"column":82}},"11":{"start":{"line":96,"column":8},"end":{"line":96,"column":3669}},"12":{"start":{"line":99,"column":8},"end":{"line":99,"column":80}},"13":{"start":{"line":105,"column":8},"end":{"line":105,"column":71}},"14":{"start":{"line":106,"column":8},"end":{"line":106,"column":49}},"15":{"start":{"line":107,"column":8},"end":{"line":107,"column":30}},"16":{"start":{"line":108,"column":8},"end":{"line":108,"column":183}},"17":{"start":{"line":109,"column":8},"end":{"line":109,"column":74}},"18":{"start":{"line":110,"column":8},"end":{"line":110,"column":50}},"19":{"start":{"line":117,"column":8},"end":{"line":117,"column":71}},"20":{"start":{"line":118,"column":8},"end":{"line":118,"column":74}},"21":{"start":{"line":125,"column":8},"end":{"line":125,"column":63}},"22":{"start":{"line":132,"column":8},"end":{"line":132,"column":71}},"23":{"start":{"line":133,"column":8},"end":{"line":133,"column":68}},"24":{"start":{"line":140,"column":8},"end":{"line":140,"column":71}},"25":{"start":{"line":141,"column":8},"end":{"line":141,"column":84}},"26":{"start":{"line":148,"column":8},"end":{"line":148,"column":40}},"27":{"start":{"line":149,"column":8},"end":{"line":149,"column":91}},"28":{"start":{"line":150,"column":8},"end":{"line":150,"column":30}}},"branchMap":{"1":{"line":58,"type":"if","locations":[{"start":{"line":58,"column":8},"end":{"line":58,"column":8}},{"start":{"line":58,"column":8},"end":{"line":58,"column":8}}]}}},"contracts\\Base\\ManagedBaseContract.sol":{"l":{"21":0,"22":0,"27":0,"32":0},"path":"C:\\Users\\d-aam\\GitHub\\Certificates\\contracts\\Base\\ManagedBaseContract.sol","s":{"1":0,"2":0,"3":0},"b":{},"f":{"1":0,"2":0,"3":0},"fnMap":{"1":{"name":"isFromManagerContract","line":20,"loc":{"start":{"line":20,"column":5},"end":{"line":23,"column":4}}},"2":{"name":"ManagedBaseContract_init","line":26,"loc":{"start":{"line":26,"column":4},"end":{"line":28,"column":4}}},"3":{"name":"retrieveManagerContract","line":31,"loc":{"start":{"line":31,"column":4},"end":{"line":33,"column":4}}}},"statementMap":{"1":{"start":{"line":21,"column":8},"end":{"line":21,"column":59}},"2":{"start":{"line":27,"column":8},"end":{"line":27,"column":58}},"3":{"start":{"line":32,"column":8},"end":{"line":32,"column":40}}},"branchMap":{}},"contracts\\Base\\ReverseRegistryBaseContract.sol":{"l":{"19":0,"20":0,"21":0},"path":"C:\\Users\\d-aam\\GitHub\\Certificates\\contracts\\Base\\ReverseRegistryBaseContract.sol","s":{"1":0,"2":0,"3":0},"b":{},"f":{"1":0},"fnMap":{"1":{"name":"RegisterReverseAddress","line":17,"loc":{"start":{"line":17,"column":4},"end":{"line":22,"column":4}}}},"statementMap":{"1":{"start":{"line":19,"column":8},"end":{"line":19,"column":89}},"2":{"start":{"line":20,"column":8},"end":{"line":20,"column":55}},"3":{"start":{"line":21,"column":8},"end":{"line":21,"column":64}}},"branchMap":{}},"contracts\\Base\\SignatureBaseContract.sol":{"l":{"20":0,"21":0,"25":0,"29":0,"30":0,"34":0,"40":0,"45":0,"46":0,"51":0,"56":0},"path":"C:\\Users\\d-aam\\GitHub\\Certificates\\contracts\\Base\\SignatureBaseContract.sol","s":{"1":0,"2":0,"3":0,"4":0,"5":0,"6":0,"7":0,"8":0,"9":0},"b":{"1":[0,0],"2":[0,0]},"f":{"1":0,"2":0,"3":0,"4":0,"5":0,"6":0,"7":0,"8":0},"fnMap":{"1":{"name":"isDeadlineOK","line":19,"loc":{"start":{"line":19,"column":4},"end":{"line":22,"column":4}}},"2":{"name":"isDeadlineOKFunc","line":24,"loc":{"start":{"line":24,"column":4},"end":{"line":26,"column":4}}},"3":{"name":"isNonceOK","line":28,"loc":{"start":{"line":28,"column":4},"end":{"line":31,"column":4}}},"4":{"name":"isNonceOKFunc","line":33,"loc":{"start":{"line":33,"column":4},"end":{"line":35,"column":4}}},"5":{"name":"validateNonce","line":38,"loc":{"start":{"line":38,"column":4},"end":{"line":41,"column":4}}},"6":{"name":"setContractConfig","line":43,"loc":{"start":{"line":43,"column":4},"end":{"line":47,"column":4}}},"7":{"name":"retrieveContractConfig","line":49,"loc":{"start":{"line":49,"column":4},"end":{"line":52,"column":4}}},"8":{"name":"retrieveNonce","line":54,"loc":{"start":{"line":54,"column":4},"end":{"line":57,"column":4}}}},"statementMap":{"1":{"start":{"line":20,"column":8},"end":{"line":20,"column":33}},"2":{"start":{"line":25,"column":8},"end":{"line":25,"column":51}},"3":{"start":{"line":29,"column":8},"end":{"line":29,"column":33}},"4":{"start":{"line":34,"column":8},"end":{"line":34,"column":53}},"5":{"start":{"line":40,"column":8},"end":{"line":40,"column":33}},"6":{"start":{"line":45,"column":8},"end":{"line":45,"column":35}},"7":{"start":{"line":46,"column":8},"end":{"line":46,"column":41}},"8":{"start":{"line":51,"column":8},"end":{"line":51,"column":47}},"9":{"start":{"line":56,"column":8},"end":{"line":56,"column":34}}},"branchMap":{"1":{"line":25,"type":"if","locations":[{"start":{"line":25,"column":8},"end":{"line":25,"column":8}},{"start":{"line":25,"column":8},"end":{"line":25,"column":8}}]},"2":{"line":34,"type":"if","locations":[{"start":{"line":34,"column":8},"end":{"line":34,"column":8}},{"start":{"line":34,"column":8},"end":{"line":34,"column":8}}]}}},"contracts\\Base\\StdPropositionBaseContract.sol":{"l":{"21":0,"27":0,"28":0,"29":0,"30":0,"36":0,"37":0,"42":0,"47":0,"52":0,"58":0,"63":0,"68":0,"70":0,"71":0,"74":0},"path":"C:\\Users\\d-aam\\GitHub\\Certificates\\contracts\\Base\\StdPropositionBaseContract.sol","s":{"1":0,"2":0,"3":0,"4":0,"5":0,"6":0,"7":0,"8":0,"9":0,"10":0,"11":0,"12":0,"13":0,"14":0,"15":0},"b":{},"f":{"1":0,"2":0,"3":0,"4":0,"5":0,"6":0,"7":0,"8":0,"9":0,"10":0},"fnMap":{"1":{"name":"StdPropositionBaseContract_init","line":19,"loc":{"start":{"line":19,"column":4},"end":{"line":22,"column":4}}},"2":{"name":"sendProposition","line":25,"loc":{"start":{"line":25,"column":4},"end":{"line":32,"column":4}}},"3":{"name":"propositionApproved","line":34,"loc":{"start":{"line":34,"column":4},"end":{"line":38,"column":4}}},"4":{"name":"propositionRejected","line":40,"loc":{"start":{"line":40,"column":4},"end":{"line":43,"column":4}}},"5":{"name":"propositionExpired","line":45,"loc":{"start":{"line":45,"column":4},"end":{"line":48,"column":4}}},"6":{"name":"propositionCancelled","line":50,"loc":{"start":{"line":50,"column":4},"end":{"line":53,"column":4}}},"7":{"name":"removeProposition","line":56,"loc":{"start":{"line":56,"column":4},"end":{"line":59,"column":4}}},"8":{"name":"retrieveProposition","line":61,"loc":{"start":{"line":61,"column":4},"end":{"line":64,"column":4}}},"9":{"name":"PropositionsToBytes32","line":66,"loc":{"start":{"line":66,"column":4},"end":{"line":75,"column":4}}},"10":{"name":"checkProposition","line":77,"loc":{"start":{"line":77,"column":4},"end":{"line":77,"column":73}}}},"statementMap":{"1":{"start":{"line":21,"column":8},"end":{"line":21,"column":109}},"2":{"start":{"line":27,"column":8},"end":{"line":27,"column":34}},"3":{"start":{"line":28,"column":8},"end":{"line":28,"column":23}},"4":{"start":{"line":29,"column":8},"end":{"line":29,"column":1076}},"5":{"start":{"line":30,"column":12},"end":{"line":30,"column":48}},"6":{"start":{"line":36,"column":8},"end":{"line":36,"column":18}},"7":{"start":{"line":37,"column":8},"end":{"line":37,"column":26}},"8":{"start":{"line":42,"column":8},"end":{"line":42,"column":26}},"9":{"start":{"line":47,"column":8},"end":{"line":47,"column":26}},"10":{"start":{"line":52,"column":8},"end":{"line":52,"column":26}},"11":{"start":{"line":63,"column":8},"end":{"line":63,"column":33}},"12":{"start":{"line":68,"column":8},"end":{"line":68,"column":87}},"13":{"start":{"line":70,"column":8},"end":{"line":70,"column":2032}},"14":{"start":{"line":71,"column":12},"end":{"line":71,"column":84}},"15":{"start":{"line":74,"column":8},"end":{"line":74,"column":34}}},"branchMap":{}},"contracts\\Base\\TokenGovernanceBaseContract.sol":{"l":{"77":0,"78":0,"82":0,"83":0,"86":0,"87":0,"88":0,"91":0,"92":0,"96":0,"97":0,"101":0,"102":0,"103":0,"107":0,"108":0,"112":0,"117":0,"118":0,"124":0,"125":0,"129":0,"133":0,"137":0,"141":0,"143":0,"147":0,"148":0,"149":0,"151":0,"157":0,"158":0,"159":0,"160":0,"168":0,"169":0,"170":0,"171":0,"172":0,"173":0,"175":0,"182":0,"183":0,"184":0,"189":0,"194":0,"195":0,"202":0,"204":0,"206":0,"210":0,"213":0,"215":0,"217":0,"224":0,"225":0,"226":0,"233":0,"238":0,"243":0,"245":0,"246":0,"248":0,"250":0,"252":0,"258":0,"263":0,"265":0,"266":0,"267":0,"271":0,"272":0,"273":0,"279":0,"283":0,"292":0,"296":0,"300":0},"path":"C:\\Users\\d-aam\\GitHub\\Certificates\\contracts\\Base\\TokenGovernanceBaseContract.sol","s":{"1":0,"2":0,"3":0,"4":0,"5":0,"6":0,"7":0,"8":0,"9":0,"10":0,"11":0,"12":0,"13":0,"14":0,"15":0,"16":0,"17":0,"18":0,"19":0,"20":0,"21":0,"22":0,"23":0,"24":0,"25":0,"26":0,"27":0,"28":0,"29":0,"30":0,"31":0,"32":0,"33":0,"34":0,"35":0,"36":0,"37":0,"38":0,"39":0,"40":0,"41":0,"42":0,"43":0,"44":0,"45":0,"46":0,"47":0,"48":0,"49":0,"50":0,"51":0,"52":0,"53":0,"54":0,"55":0,"56":0,"57":0,"58":0,"59":0,"60":0,"61":0,"62":0,"63":0,"64":0,"65":0,"66":0,"67":0,"68":0,"69":0,"70":0,"71":0,"72":0,"73":0,"74":0,"75":0,"76":0,"77":0,"78":0},"b":{"1":[0,0],"2":[0,0],"3":[0,0],"4":[0,0],"5":[0,0],"6":[0,0],"7":[0,0],"8":[0,0],"9":[0,0],"10":[0,0],"11":[0,0],"12":[0,0],"13":[0,0],"14":[0,0],"15":[0,0],"16":[0,0],"17":[0,0],"18":[0,0]},"f":{"1":0,"2":0,"3":0,"4":0,"5":0,"6":0,"7":0,"8":0,"9":0,"10":0,"11":0,"12":0,"13":0,"14":0,"15":0,"16":0,"17":0,"18":0,"19":0,"20":0,"21":0,"22":0,"23":0,"24":0,"25":0,"26":0,"27":0,"28":0,"29":0,"30":0,"31":0,"32":0,"33":0},"fnMap":{"1":{"name":"isFromChairPerson","line":76,"loc":{"start":{"line":76,"column":4},"end":{"line":79,"column":4}}},"2":{"name":"isAuthorizedToPropose","line":81,"loc":{"start":{"line":81,"column":4},"end":{"line":93,"column":4}}},"3":{"name":"isAuthorizedToCancel","line":95,"loc":{"start":{"line":95,"column":4},"end":{"line":98,"column":4}}},"4":{"name":"canVote","line":100,"loc":{"start":{"line":100,"column":4},"end":{"line":104,"column":4}}},"5":{"name":"PropositionInProgress","line":106,"loc":{"start":{"line":106,"column":4},"end":{"line":109,"column":4}}},"6":{"name":"PropositionInProgressFunc","line":111,"loc":{"start":{"line":111,"column":4},"end":{"line":114,"column":4}}},"7":{"name":"isFromTokenContract","line":116,"loc":{"start":{"line":116,"column":4},"end":{"line":119,"column":4}}},"8":{"name":"AuthorizedToVote","line":123,"loc":{"start":{"line":123,"column":4},"end":{"line":126,"column":4}}},"9":{"name":"totalSupply","line":128,"loc":{"start":{"line":128,"column":4},"end":{"line":130,"column":4}}},"10":{"name":"GetTokensBalance","line":132,"loc":{"start":{"line":132,"column":4},"end":{"line":134,"column":4}}},"11":{"name":"GetVotingTokens","line":136,"loc":{"start":{"line":136,"column":4},"end":{"line":138,"column":4}}},"12":{"name":"CheckIfPropositionActive","line":140,"loc":{"start":{"line":140,"column":4},"end":{"line":153,"column":4}}},"13":{"name":"TokenGovernanceContract_init","line":156,"loc":{"start":{"line":156,"column":4},"end":{"line":161,"column":4}}},"14":{"name":"addProposition","line":166,"loc":{"start":{"line":164,"column":4},"end":{"line":176,"column":4}}},"15":{"name":"cancelProposition","line":180,"loc":{"start":{"line":178,"column":4},"end":{"line":185,"column":4}}},"16":{"name":"voteProposition","line":187,"loc":{"start":{"line":187,"column":4},"end":{"line":190,"column":4}}},"17":{"name":"votePropositionOnBehalfOf","line":192,"loc":{"start":{"line":192,"column":4},"end":{"line":196,"column":4}}},"18":{"name":"votePropositionInternal","line":200,"loc":{"start":{"line":198,"column":4},"end":{"line":218,"column":4}}},"19":{"name":"checkSignature","line":222,"loc":{"start":{"line":220,"column":4},"end":{"line":227,"column":4}}},"20":{"name":"onTokenBalanceChanged","line":230,"loc":{"start":{"line":229,"column":4},"end":{"line":234,"column":4}}},"21":{"name":"InternalonTokenBalanceChanged","line":236,"loc":{"start":{"line":236,"column":4},"end":{"line":239,"column":4}}},"22":{"name":"transferVoting","line":241,"loc":{"start":{"line":241,"column":4},"end":{"line":254,"column":4}}},"23":{"name":"Voted","line":256,"loc":{"start":{"line":256,"column":4},"end":{"line":259,"column":4}}},"24":{"name":"checkProposition","line":261,"loc":{"start":{"line":261,"column":4},"end":{"line":275,"column":4}}},"25":{"name":"InternalCancelProposition","line":277,"loc":{"start":{"line":277,"column":4},"end":{"line":280,"column":4}}},"26":{"name":"retrievePropositionStatus","line":282,"loc":{"start":{"line":282,"column":4},"end":{"line":289,"column":4}}},"27":{"name":"retrieveVotesForVoter","line":291,"loc":{"start":{"line":291,"column":4},"end":{"line":293,"column":4}}},"28":{"name":"retrieveChairPerson","line":295,"loc":{"start":{"line":295,"column":4},"end":{"line":297,"column":4}}},"29":{"name":"retrieveNextPropId","line":299,"loc":{"start":{"line":299,"column":4},"end":{"line":301,"column":4}}},"30":{"name":"propositionApproved","line":303,"loc":{"start":{"line":303,"column":4},"end":{"line":303,"column":52}}},"31":{"name":"propositionRejected","line":305,"loc":{"start":{"line":305,"column":4},"end":{"line":305,"column":52}}},"32":{"name":"propositionExpired","line":307,"loc":{"start":{"line":307,"column":4},"end":{"line":307,"column":51}}},"33":{"name":"propositionCancelled","line":309,"loc":{"start":{"line":309,"column":4},"end":{"line":309,"column":53}}}},"statementMap":{"1":{"start":{"line":77,"column":8},"end":{"line":77,"column":46}},"2":{"start":{"line":82,"column":8},"end":{"line":82,"column":33}},"3":{"start":{"line":83,"column":8},"end":{"line":83,"column":3269}},"4":{"start":{"line":83,"column":33},"end":{"line":83,"column":51}},"5":{"start":{"line":86,"column":12},"end":{"line":86,"column":56}},"6":{"start":{"line":87,"column":12},"end":{"line":87,"column":172}},"7":{"start":{"line":88,"column":12},"end":{"line":88,"column":60}},"8":{"start":{"line":88,"column":41},"end":{"line":88,"column":59}},"9":{"start":{"line":91,"column":8},"end":{"line":91,"column":45}},"10":{"start":{"line":96,"column":8},"end":{"line":96,"column":55}},"11":{"start":{"line":101,"column":8},"end":{"line":101,"column":54}},"12":{"start":{"line":102,"column":8},"end":{"line":102,"column":41}},"13":{"start":{"line":107,"column":8},"end":{"line":107,"column":41}},"14":{"start":{"line":112,"column":8},"end":{"line":112,"column":4273}},"15":{"start":{"line":112,"column":20},"end":{"line":112,"column":71}},"16":{"start":{"line":113,"column":13},"end":{"line":113,"column":65}},"17":{"start":{"line":117,"column":8},"end":{"line":117,"column":123}},"18":{"start":{"line":124,"column":8},"end":{"line":124,"column":53}},"19":{"start":{"line":125,"column":8},"end":{"line":125,"column":33}},"20":{"start":{"line":129,"column":8},"end":{"line":129,"column":137}},"21":{"start":{"line":133,"column":8},"end":{"line":133,"column":138}},"22":{"start":{"line":137,"column":8},"end":{"line":137,"column":66}},"23":{"start":{"line":141,"column":8},"end":{"line":141,"column":5450}},"24":{"start":{"line":143,"column":12},"end":{"line":143,"column":23}},"25":{"start":{"line":147,"column":12},"end":{"line":147,"column":5585}},"26":{"start":{"line":148,"column":16},"end":{"line":148,"column":35}},"27":{"start":{"line":149,"column":16},"end":{"line":149,"column":42}},"28":{"start":{"line":151,"column":12},"end":{"line":151,"column":24}},"29":{"start":{"line":157,"column":8},"end":{"line":157,"column":61}},"30":{"start":{"line":158,"column":8},"end":{"line":158,"column":33}},"31":{"start":{"line":159,"column":8},"end":{"line":159,"column":22}},"32":{"start":{"line":160,"column":8},"end":{"line":160,"column":55}},"33":{"start":{"line":168,"column":8},"end":{"line":168,"column":190}},"34":{"start":{"line":169,"column":8},"end":{"line":169,"column":41}},"35":{"start":{"line":170,"column":8},"end":{"line":170,"column":61}},"36":{"start":{"line":171,"column":8},"end":{"line":171,"column":51}},"37":{"start":{"line":172,"column":8},"end":{"line":172,"column":40}},"38":{"start":{"line":175,"column":8},"end":{"line":175,"column":131}},"39":{"start":{"line":182,"column":8},"end":{"line":182,"column":29}},"40":{"start":{"line":183,"column":8},"end":{"line":183,"column":34}},"41":{"start":{"line":184,"column":8},"end":{"line":184,"column":78}},"42":{"start":{"line":189,"column":8},"end":{"line":189,"column":48}},"43":{"start":{"line":194,"column":8},"end":{"line":194,"column":70}},"44":{"start":{"line":195,"column":8},"end":{"line":195,"column":43}},"45":{"start":{"line":202,"column":8},"end":{"line":202,"column":71}},"46":{"start":{"line":204,"column":8},"end":{"line":204,"column":7910}},"47":{"start":{"line":206,"column":12},"end":{"line":206,"column":48}},"48":{"start":{"line":210,"column":12},"end":{"line":210,"column":52}},"49":{"start":{"line":213,"column":8},"end":{"line":213,"column":54}},"50":{"start":{"line":215,"column":8},"end":{"line":215,"column":77}},"51":{"start":{"line":217,"column":8},"end":{"line":217,"column":25}},"52":{"start":{"line":224,"column":8},"end":{"line":224,"column":54}},"53":{"start":{"line":225,"column":8},"end":{"line":225,"column":142}},"54":{"start":{"line":226,"column":8},"end":{"line":226,"column":34}},"55":{"start":{"line":233,"column":8},"end":{"line":233,"column":54}},"56":{"start":{"line":238,"column":8},"end":{"line":238,"column":79}},"57":{"start":{"line":238,"column":47},"end":{"line":238,"column":78}},"58":{"start":{"line":243,"column":8},"end":{"line":243,"column":9241}},"59":{"start":{"line":245,"column":12},"end":{"line":245,"column":48}},"60":{"start":{"line":246,"column":12},"end":{"line":246,"column":130}},"61":{"start":{"line":246,"column":67},"end":{"line":246,"column":129}},"62":{"start":{"line":248,"column":12},"end":{"line":248,"column":75}},"63":{"start":{"line":250,"column":12},"end":{"line":250,"column":96}},"64":{"start":{"line":250,"column":34},"end":{"line":250,"column":95}},"65":{"start":{"line":252,"column":12},"end":{"line":252,"column":90}},"66":{"start":{"line":258,"column":8},"end":{"line":258,"column":48}},"67":{"start":{"line":263,"column":8},"end":{"line":263,"column":10009}},"68":{"start":{"line":265,"column":12},"end":{"line":265,"column":32}},"69":{"start":{"line":266,"column":12},"end":{"line":266,"column":38}},"70":{"start":{"line":267,"column":12},"end":{"line":267,"column":131}},"71":{"start":{"line":269,"column":13},"end":{"line":269,"column":10320}},"72":{"start":{"line":271,"column":12},"end":{"line":271,"column":32}},"73":{"start":{"line":272,"column":12},"end":{"line":272,"column":38}},"74":{"start":{"line":273,"column":12},"end":{"line":273,"column":131}},"75":{"start":{"line":283,"column":8},"end":{"line":283,"column":10848}},"76":{"start":{"line":292,"column":8},"end":{"line":292,"column":46}},"77":{"start":{"line":296,"column":8},"end":{"line":296,"column":27}},"78":{"start":{"line":300,"column":8},"end":{"line":300,"column":26}}},"branchMap":{"1":{"line":83,"type":"if","locations":[{"start":{"line":83,"column":8},"end":{"line":83,"column":8}},{"start":{"line":83,"column":8},"end":{"line":83,"column":8}}]},"2":{"line":88,"type":"if","locations":[{"start":{"line":88,"column":12},"end":{"line":88,"column":12}},{"start":{"line":88,"column":12},"end":{"line":88,"column":12}}]},"3":{"line":91,"type":"if","locations":[{"start":{"line":91,"column":8},"end":{"line":91,"column":8}},{"start":{"line":91,"column":8},"end":{"line":91,"column":8}}]},"4":{"line":102,"type":"if","locations":[{"start":{"line":102,"column":8},"end":{"line":102,"column":8}},{"start":{"line":102,"column":8},"end":{"line":102,"column":8}}]},"5":{"line":112,"type":"if","locations":[{"start":{"line":112,"column":8},"end":{"line":112,"column":8}},{"start":{"line":112,"column":8},"end":{"line":112,"column":8}}]},"6":{"line":112,"type":"if","locations":[{"start":{"line":112,"column":20},"end":{"line":112,"column":20}},{"start":{"line":112,"column":20},"end":{"line":112,"column":20}}]},"7":{"line":113,"type":"if","locations":[{"start":{"line":113,"column":13},"end":{"line":113,"column":13}},{"start":{"line":113,"column":13},"end":{"line":113,"column":13}}]},"8":{"line":141,"type":"if","locations":[{"start":{"line":141,"column":8},"end":{"line":141,"column":8}},{"start":{"line":141,"column":8},"end":{"line":141,"column":8}}]},"9":{"line":147,"type":"if","locations":[{"start":{"line":147,"column":12},"end":{"line":147,"column":12}},{"start":{"line":147,"column":12},"end":{"line":147,"column":12}}]},"10":{"line":204,"type":"if","locations":[{"start":{"line":204,"column":8},"end":{"line":204,"column":8}},{"start":{"line":204,"column":8},"end":{"line":204,"column":8}}]},"11":{"line":224,"type":"if","locations":[{"start":{"line":224,"column":8},"end":{"line":224,"column":8}},{"start":{"line":224,"column":8},"end":{"line":224,"column":8}}]},"12":{"line":225,"type":"if","locations":[{"start":{"line":225,"column":8},"end":{"line":225,"column":8}},{"start":{"line":225,"column":8},"end":{"line":225,"column":8}}]},"13":{"line":238,"type":"if","locations":[{"start":{"line":238,"column":8},"end":{"line":238,"column":8}},{"start":{"line":238,"column":8},"end":{"line":238,"column":8}}]},"14":{"line":243,"type":"if","locations":[{"start":{"line":243,"column":8},"end":{"line":243,"column":8}},{"start":{"line":243,"column":8},"end":{"line":243,"column":8}}]},"15":{"line":246,"type":"if","locations":[{"start":{"line":246,"column":12},"end":{"line":246,"column":12}},{"start":{"line":246,"column":12},"end":{"line":246,"column":12}}]},"16":{"line":250,"type":"if","locations":[{"start":{"line":250,"column":12},"end":{"line":250,"column":12}},{"start":{"line":250,"column":12},"end":{"line":250,"column":12}}]},"17":{"line":263,"type":"if","locations":[{"start":{"line":263,"column":8},"end":{"line":263,"column":8}},{"start":{"line":263,"column":8},"end":{"line":263,"column":8}}]},"18":{"line":269,"type":"if","locations":[{"start":{"line":269,"column":13},"end":{"line":269,"column":13}},{"start":{"line":269,"column":13},"end":{"line":269,"column":13}}]}}},"contracts\\DeployedContracts\\CertificatesPoolManager.sol":{"l":{"88":0,"89":0,"95":0,"96":0,"104":0,"105":0,"112":0,"114":0,"115":0,"117":0,"118":0,"120":0,"121":0,"127":0,"128":0,"129":0,"130":0,"133":0,"134":0,"140":0,"142":0,"143":0,"144":0,"149":0,"153":0,"154":0,"159":0,"161":0,"162":0,"163":0,"166":0,"169":0,"172":0,"173":0,"175":0,"176":0,"179":0,"188":0,"189":0,"190":0,"196":0,"197":0,"198":0,"204":0,"205":0,"206":0,"208":0,"214":0,"215":0,"216":0,"217":0,"225":0,"226":0,"227":0,"229":0,"234":0,"235":0,"236":0,"238":0,"243":0,"248":0,"249":0,"250":0,"252":0,"257":0,"258":0,"259":0,"261":0,"265":0,"270":0,"274":0},"path":"C:\\Users\\d-aam\\GitHub\\Certificates\\contracts\\DeployedContracts\\CertificatesPoolManager.sol","s":{"1":0,"2":0,"3":0,"4":0,"5":0,"6":0,"7":0,"8":0,"9":0,"10":0,"11":0,"12":0,"13":0,"14":0,"15":0,"16":0,"17":0,"18":0,"19":0,"20":0,"21":0,"22":0,"23":0,"24":0,"25":0,"26":0,"27":0,"28":0,"29":0,"30":0,"31":0,"32":0,"33":0,"34":0,"35":0,"36":0,"37":0,"38":0,"39":0,"40":0,"41":0,"42":0,"43":0,"44":0,"45":0,"46":0,"47":0,"48":0,"49":0,"50":0,"51":0,"52":0,"53":0,"54":0,"55":0,"56":0,"57":0,"58":0,"59":0,"60":0,"61":0,"62":0,"63":0,"64":0,"65":0,"66":0,"67":0,"68":0,"69":0,"70":0,"71":0,"72":0},"b":{"1":[0,0],"2":[0,0],"3":[0,0],"4":[0,0],"5":[0,0],"6":[0,0],"7":[0,0],"8":[0,0],"9":[0,0],"10":[0,0]},"f":{"1":0,"2":0,"3":0,"4":0,"5":0,"6":0,"7":0,"8":0,"9":0,"10":0,"11":0,"12":0,"13":0,"14":0,"15":0,"16":0,"17":0},"fnMap":{"1":{"name":"isNotInitialized","line":87,"loc":{"start":{"line":87,"column":4},"end":{"line":90,"column":4}}},"2":{"name":"CertificatesPoolManager_init","line":93,"loc":{"start":{"line":93,"column":4},"end":{"line":97,"column":4}}},"3":{"name":"InitializeContracts","line":101,"loc":{"start":{"line":99,"column":4},"end":{"line":106,"column":4}}},"4":{"name":"initProxies","line":110,"loc":{"start":{"line":110,"column":4},"end":{"line":122,"column":4}}},"5":{"name":"UpdateAll","line":124,"loc":{"start":{"line":124,"column":4},"end":{"line":184,"column":4}}},"6":{"name":"addTransparentProxy","line":186,"loc":{"start":{"line":186,"column":4},"end":{"line":192,"column":4}}},"7":{"name":"addBeacon","line":194,"loc":{"start":{"line":194,"column":4},"end":{"line":200,"column":4}}},"8":{"name":"upgradeTransparentProxy","line":202,"loc":{"start":{"line":202,"column":4},"end":{"line":210,"column":4}}},"9":{"name":"upgradeBeacon","line":212,"loc":{"start":{"line":212,"column":4},"end":{"line":220,"column":4}}},"10":{"name":"retrieveTransparentProxies","line":223,"loc":{"start":{"line":223,"column":4},"end":{"line":230,"column":4}}},"11":{"name":"retrieveBeacons","line":232,"loc":{"start":{"line":232,"column":4},"end":{"line":239,"column":4}}},"12":{"name":"retrieveProxyAdmin","line":242,"loc":{"start":{"line":242,"column":4},"end":{"line":244,"column":4}}},"13":{"name":"retrieveTransparentProxiesImpl","line":246,"loc":{"start":{"line":246,"column":4},"end":{"line":253,"column":4}}},"14":{"name":"retrieveBeaconsImpl","line":255,"loc":{"start":{"line":255,"column":4},"end":{"line":262,"column":4}}},"15":{"name":"isInitialized","line":264,"loc":{"start":{"line":264,"column":4},"end":{"line":266,"column":4}}},"16":{"name":"internalRetrieveTransparentProxyImpl","line":269,"loc":{"start":{"line":269,"column":4},"end":{"line":271,"column":4}}},"17":{"name":"internalRetrieveBeaconImpl","line":273,"loc":{"start":{"line":273,"column":4},"end":{"line":275,"column":4}}}},"statementMap":{"1":{"start":{"line":88,"column":8},"end":{"line":88,"column":39}},"2":{"start":{"line":95,"column":8},"end":{"line":95,"column":103}},"3":{"start":{"line":96,"column":8},"end":{"line":96,"column":32}},"4":{"start":{"line":104,"column":8},"end":{"line":104,"column":57}},"5":{"start":{"line":105,"column":8},"end":{"line":105,"column":19}},"6":{"start":{"line":112,"column":8},"end":{"line":112,"column":81}},"7":{"start":{"line":114,"column":8},"end":{"line":114,"column":3933}},"8":{"start":{"line":115,"column":12},"end":{"line":115,"column":109}},"9":{"start":{"line":117,"column":8},"end":{"line":117,"column":4136}},"10":{"start":{"line":118,"column":12},"end":{"line":118,"column":57}},"11":{"start":{"line":120,"column":8},"end":{"line":120,"column":162}},"12":{"start":{"line":121,"column":8},"end":{"line":121,"column":168}},"13":{"start":{"line":127,"column":8},"end":{"line":127,"column":58}},"14":{"start":{"line":128,"column":8},"end":{"line":128,"column":115}},"15":{"start":{"line":129,"column":8},"end":{"line":129,"column":110}},"16":{"start":{"line":130,"column":8},"end":{"line":130,"column":130}},"17":{"start":{"line":133,"column":8},"end":{"line":133,"column":5235}},"18":{"start":{"line":134,"column":12},"end":{"line":134,"column":5366}},"19":{"start":{"line":140,"column":8},"end":{"line":140,"column":53}},"20":{"start":{"line":142,"column":8},"end":{"line":142,"column":5580}},"21":{"start":{"line":143,"column":12},"end":{"line":143,"column":5628}},"22":{"start":{"line":144,"column":16},"end":{"line":144,"column":5754}},"23":{"start":{"line":149,"column":12},"end":{"line":149,"column":52}},"24":{"start":{"line":153,"column":8},"end":{"line":153,"column":6021}},"25":{"start":{"line":154,"column":12},"end":{"line":154,"column":6114}},"26":{"start":{"line":159,"column":8},"end":{"line":159,"column":42}},"27":{"start":{"line":161,"column":8},"end":{"line":161,"column":6245}},"28":{"start":{"line":162,"column":12},"end":{"line":162,"column":6288}},"29":{"start":{"line":163,"column":16},"end":{"line":163,"column":117}},"30":{"start":{"line":166,"column":12},"end":{"line":166,"column":47}},"31":{"start":{"line":169,"column":8},"end":{"line":169,"column":77}},"32":{"start":{"line":172,"column":8},"end":{"line":172,"column":6784}},"33":{"start":{"line":173,"column":12},"end":{"line":173,"column":161}},"34":{"start":{"line":175,"column":8},"end":{"line":175,"column":7010}},"35":{"start":{"line":176,"column":12},"end":{"line":176,"column":168}},"36":{"start":{"line":179,"column":8},"end":{"line":179,"column":7223}},"37":{"start":{"line":188,"column":8},"end":{"line":188,"column":7600}},"38":{"start":{"line":189,"column":12},"end":{"line":189,"column":104}},"39":{"start":{"line":190,"column":12},"end":{"line":190,"column":85}},"40":{"start":{"line":196,"column":8},"end":{"line":196,"column":7916}},"41":{"start":{"line":197,"column":12},"end":{"line":197,"column":60}},"42":{"start":{"line":198,"column":12},"end":{"line":198,"column":69}},"43":{"start":{"line":204,"column":8},"end":{"line":204,"column":100}},"44":{"start":{"line":205,"column":8},"end":{"line":205,"column":8358}},"45":{"start":{"line":206,"column":12},"end":{"line":206,"column":8451}},"46":{"start":{"line":206,"column":31},"end":{"line":206,"column":80}},"47":{"start":{"line":207,"column":17},"end":{"line":207,"column":53}},"48":{"start":{"line":208,"column":12},"end":{"line":208,"column":76}},"49":{"start":{"line":214,"column":8},"end":{"line":214,"column":100}},"50":{"start":{"line":215,"column":8},"end":{"line":215,"column":8850}},"51":{"start":{"line":216,"column":12},"end":{"line":216,"column":43}},"52":{"start":{"line":217,"column":12},"end":{"line":217,"column":72}},"53":{"start":{"line":225,"column":8},"end":{"line":225,"column":76}},"54":{"start":{"line":226,"column":8},"end":{"line":226,"column":9247}},"55":{"start":{"line":227,"column":12},"end":{"line":227,"column":55}},"56":{"start":{"line":229,"column":8},"end":{"line":229,"column":22}},"57":{"start":{"line":234,"column":8},"end":{"line":234,"column":65}},"58":{"start":{"line":235,"column":8},"end":{"line":235,"column":9558}},"59":{"start":{"line":236,"column":12},"end":{"line":236,"column":44}},"60":{"start":{"line":238,"column":8},"end":{"line":238,"column":22}},"61":{"start":{"line":243,"column":8},"end":{"line":243,"column":30}},"62":{"start":{"line":248,"column":8},"end":{"line":248,"column":84}},"63":{"start":{"line":249,"column":8},"end":{"line":249,"column":10049}},"64":{"start":{"line":250,"column":12},"end":{"line":250,"column":92}},"65":{"start":{"line":252,"column":8},"end":{"line":252,"column":30}},"66":{"start":{"line":257,"column":8},"end":{"line":257,"column":73}},"67":{"start":{"line":258,"column":8},"end":{"line":258,"column":10425}},"68":{"start":{"line":259,"column":12},"end":{"line":259,"column":71}},"69":{"start":{"line":261,"column":8},"end":{"line":261,"column":30}},"70":{"start":{"line":265,"column":8},"end":{"line":265,"column":20}},"71":{"start":{"line":270,"column":8},"end":{"line":270,"column":51}},"72":{"start":{"line":274,"column":8},"end":{"line":274,"column":38}}},"branchMap":{"1":{"line":88,"type":"if","locations":[{"start":{"line":88,"column":8},"end":{"line":88,"column":8}},{"start":{"line":88,"column":8},"end":{"line":88,"column":8}}]},"2":{"line":142,"type":"if","locations":[{"start":{"line":142,"column":8},"end":{"line":142,"column":8}},{"start":{"line":142,"column":8},"end":{"line":142,"column":8}}]},"3":{"line":161,"type":"if","locations":[{"start":{"line":161,"column":8},"end":{"line":161,"column":8}},{"start":{"line":161,"column":8},"end":{"line":161,"column":8}}]},"4":{"line":172,"type":"if","locations":[{"start":{"line":172,"column":8},"end":{"line":172,"column":8}},{"start":{"line":172,"column":8},"end":{"line":172,"column":8}}]},"5":{"line":175,"type":"if","locations":[{"start":{"line":175,"column":8},"end":{"line":175,"column":8}},{"start":{"line":175,"column":8},"end":{"line":175,"column":8}}]},"6":{"line":188,"type":"if","locations":[{"start":{"line":188,"column":8},"end":{"line":188,"column":8}},{"start":{"line":188,"column":8},"end":{"line":188,"column":8}}]},"7":{"line":196,"type":"if","locations":[{"start":{"line":196,"column":8},"end":{"line":196,"column":8}},{"start":{"line":196,"column":8},"end":{"line":196,"column":8}}]},"8":{"line":205,"type":"if","locations":[{"start":{"line":205,"column":8},"end":{"line":205,"column":8}},{"start":{"line":205,"column":8},"end":{"line":205,"column":8}}]},"9":{"line":206,"type":"if","locations":[{"start":{"line":206,"column":12},"end":{"line":206,"column":12}},{"start":{"line":206,"column":12},"end":{"line":206,"column":12}}]},"10":{"line":215,"type":"if","locations":[{"start":{"line":215,"column":8},"end":{"line":215,"column":8}},{"start":{"line":215,"column":8},"end":{"line":215,"column":8}}]}}},"contracts\\DeployedContracts\\CertisToken.sol":{"l":{"29":0,"30":0,"32":0,"33":0,"39":0,"44":0,"45":0,"47":0,"48":0,"49":0,"50":0,"51":0},"path":"C:\\Users\\d-aam\\GitHub\\Certificates\\contracts\\DeployedContracts\\CertisToken.sol","s":{"1":0,"2":0,"3":0,"4":0,"5":0,"6":0,"7":0,"8":0,"9":0,"10":0,"11":0,"12":0},"b":{"1":[0,0]},"f":{"1":0,"2":0,"3":0},"fnMap":{"1":{"name":"CertisToken_init","line":28,"loc":{"start":{"line":28,"column":4},"end":{"line":34,"column":4}}},"2":{"name":"decimals","line":37,"loc":{"start":{"line":37,"column":4},"end":{"line":40,"column":4}}},"3":{"name":"_beforeTokenTransfer","line":42,"loc":{"start":{"line":42,"column":4},"end":{"line":53,"column":4}}}},"statementMap":{"1":{"start":{"line":29,"column":8},"end":{"line":29,"column":61}},"2":{"start":{"line":30,"column":8},"end":{"line":30,"column":39}},"3":{"start":{"line":32,"column":8},"end":{"line":32,"column":32}},"4":{"start":{"line":33,"column":8},"end":{"line":33,"column":37}},"5":{"start":{"line":39,"column":8},"end":{"line":39,"column":24}},"6":{"start":{"line":44,"column":8},"end":{"line":44,"column":1707}},"7":{"start":{"line":45,"column":12},"end":{"line":45,"column":84}},"8":{"start":{"line":47,"column":12},"end":{"line":47,"column":127}},"9":{"start":{"line":48,"column":12},"end":{"line":48,"column":133}},"10":{"start":{"line":49,"column":12},"end":{"line":49,"column":131}},"11":{"start":{"line":50,"column":12},"end":{"line":50,"column":122}},"12":{"start":{"line":51,"column":12},"end":{"line":51,"column":99}}},"branchMap":{"1":{"line":44,"type":"if","locations":[{"start":{"line":44,"column":8},"end":{"line":44,"column":8}},{"start":{"line":44,"column":8},"end":{"line":44,"column":8}}]}}},"contracts\\DeployedContracts\\ENS.sol":{"l":{"36":0,"38":0,"42":0,"43":0,"49":0,"50":0,"51":0,"52":0,"53":0,"54":0,"55":0,"70":0,"71":0,"72":0,"73":0,"75":0,"76":0,"78":0,"79":0,"80":0,"83":0,"84":0,"85":0,"88":0,"89":0,"90":0,"93":0,"94":0,"95":0,"98":0,"99":0,"100":0,"103":0,"104":0,"105":0,"112":0,"118":0,"119":0,"121":0,"122":0,"124":0,"125":0,"127":0,"128":0,"129":0,"131":0,"136":0},"path":"C:\\Users\\d-aam\\GitHub\\Certificates\\contracts\\DeployedContracts\\ENS.sol","s":{"1":0,"2":0,"3":0,"4":0,"5":0,"6":0,"7":0,"8":0,"9":0,"10":0,"11":0,"12":0,"13":0,"14":0,"15":0,"16":0,"17":0,"18":0,"19":0,"20":0,"21":0,"22":0,"23":0,"24":0,"25":0,"26":0,"27":0,"28":0,"29":0,"30":0,"31":0,"32":0,"33":0,"34":0,"35":0,"36":0,"37":0,"38":0,"39":0,"40":0,"41":0,"42":0,"43":0,"44":0,"45":0,"46":0},"b":{"1":[0,0],"2":[0,0],"3":[0,0],"4":[0,0],"5":[0,0],"6":[0,0],"7":[0,0],"8":[0,0],"9":[0,0],"10":[0,0]},"f":{"1":0,"2":0,"3":0,"4":0,"5":0,"6":0,"7":0,"8":0},"fnMap":{"1":{"name":"isFromAuthorizedContract","line":35,"loc":{"start":{"line":35,"column":4},"end":{"line":39,"column":4}}},"2":{"name":"arePropositionsOK","line":41,"loc":{"start":{"line":41,"column":4},"end":{"line":44,"column":4}}},"3":{"name":"ENS_init","line":47,"loc":{"start":{"line":47,"column":4},"end":{"line":56,"column":4}}},"4":{"name":"checkProposition","line":65,"loc":{"start":{"line":59,"column":4},"end":{"line":66,"column":5}}},"5":{"name":"UpdateAll","line":68,"loc":{"start":{"line":68,"column":4},"end":{"line":108,"column":4}}},"6":{"name":"check","line":111,"loc":{"start":{"line":111,"column":4},"end":{"line":113,"column":4}}},"7":{"name":"createSubdomain","line":116,"loc":{"start":{"line":115,"column":4},"end":{"line":132,"column":4}}},"8":{"name":"retrieveSettings","line":134,"loc":{"start":{"line":134,"column":4},"end":{"line":137,"column":4}}}},"statementMap":{"1":{"start":{"line":36,"column":8},"end":{"line":36,"column":1403}},"2":{"start":{"line":42,"column":8},"end":{"line":42,"column":163}},"3":{"start":{"line":49,"column":8},"end":{"line":49,"column":112}},"4":{"start":{"line":50,"column":8},"end":{"line":50,"column":39}},"5":{"start":{"line":51,"column":8},"end":{"line":51,"column":47}},"6":{"start":{"line":52,"column":8},"end":{"line":52,"column":34}},"7":{"start":{"line":53,"column":8},"end":{"line":53,"column":31}},"8":{"start":{"line":54,"column":8},"end":{"line":54,"column":42}},"9":{"start":{"line":55,"column":8},"end":{"line":55,"column":39}},"10":{"start":{"line":70,"column":8},"end":{"line":70,"column":90}},"11":{"start":{"line":71,"column":8},"end":{"line":71,"column":97}},"12":{"start":{"line":72,"column":8},"end":{"line":72,"column":90}},"13":{"start":{"line":73,"column":8},"end":{"line":73,"column":87}},"14":{"start":{"line":75,"column":8},"end":{"line":75,"column":93}},"15":{"start":{"line":76,"column":8},"end":{"line":76,"column":107}},"16":{"start":{"line":78,"column":8},"end":{"line":78,"column":3835}},"17":{"start":{"line":79,"column":12},"end":{"line":79,"column":50}},"18":{"start":{"line":80,"column":12},"end":{"line":80,"column":49}},"19":{"start":{"line":83,"column":8},"end":{"line":83,"column":4002}},"20":{"start":{"line":84,"column":12},"end":{"line":84,"column":58}},"21":{"start":{"line":85,"column":12},"end":{"line":85,"column":63}},"22":{"start":{"line":88,"column":8},"end":{"line":88,"column":4197}},"23":{"start":{"line":89,"column":12},"end":{"line":89,"column":53}},"24":{"start":{"line":90,"column":12},"end":{"line":90,"column":61}},"25":{"start":{"line":93,"column":8},"end":{"line":93,"column":4374}},"26":{"start":{"line":94,"column":12},"end":{"line":94,"column":47}},"27":{"start":{"line":95,"column":12},"end":{"line":95,"column":55}},"28":{"start":{"line":98,"column":8},"end":{"line":98,"column":4536}},"29":{"start":{"line":99,"column":12},"end":{"line":99,"column":64}},"30":{"start":{"line":100,"column":12},"end":{"line":100,"column":69}},"31":{"start":{"line":103,"column":8},"end":{"line":103,"column":4737}},"32":{"start":{"line":104,"column":12},"end":{"line":104,"column":61}},"33":{"start":{"line":105,"column":12},"end":{"line":105,"column":66}},"34":{"start":{"line":112,"column":8},"end":{"line":112,"column":38}},"35":{"start":{"line":118,"column":8},"end":{"line":118,"column":36}},"36":{"start":{"line":119,"column":8},"end":{"line":119,"column":151}},"37":{"start":{"line":119,"column":128},"end":{"line":119,"column":150}},"38":{"start":{"line":121,"column":8},"end":{"line":121,"column":67}},"39":{"start":{"line":122,"column":8},"end":{"line":122,"column":49}},"40":{"start":{"line":124,"column":8},"end":{"line":124,"column":53}},"41":{"start":{"line":125,"column":8},"end":{"line":125,"column":35}},"42":{"start":{"line":127,"column":8},"end":{"line":127,"column":78}},"43":{"start":{"line":128,"column":8},"end":{"line":128,"column":61}},"44":{"start":{"line":129,"column":8},"end":{"line":129,"column":39}},"45":{"start":{"line":131,"column":8},"end":{"line":131,"column":52}},"46":{"start":{"line":136,"column":8},"end":{"line":136,"column":127}}},"branchMap":{"1":{"line":36,"type":"if","locations":[{"start":{"line":36,"column":8},"end":{"line":36,"column":8}},{"start":{"line":36,"column":8},"end":{"line":36,"column":8}}]},"2":{"line":42,"type":"if","locations":[{"start":{"line":42,"column":8},"end":{"line":42,"column":8}},{"start":{"line":42,"column":8},"end":{"line":42,"column":8}}]},"3":{"line":78,"type":"if","locations":[{"start":{"line":78,"column":8},"end":{"line":78,"column":8}},{"start":{"line":78,"column":8},"end":{"line":78,"column":8}}]},"4":{"line":83,"type":"if","locations":[{"start":{"line":83,"column":8},"end":{"line":83,"column":8}},{"start":{"line":83,"column":8},"end":{"line":83,"column":8}}]},"5":{"line":88,"type":"if","locations":[{"start":{"line":88,"column":8},"end":{"line":88,"column":8}},{"start":{"line":88,"column":8},"end":{"line":88,"column":8}}]},"6":{"line":93,"type":"if","locations":[{"start":{"line":93,"column":8},"end":{"line":93,"column":8}},{"start":{"line":93,"column":8},"end":{"line":93,"column":8}}]},"7":{"line":98,"type":"if","locations":[{"start":{"line":98,"column":8},"end":{"line":98,"column":8}},{"start":{"line":98,"column":8},"end":{"line":98,"column":8}}]},"8":{"line":103,"type":"if","locations":[{"start":{"line":103,"column":8},"end":{"line":103,"column":8}},{"start":{"line":103,"column":8},"end":{"line":103,"column":8}}]},"9":{"line":119,"type":"if","locations":[{"start":{"line":119,"column":8},"end":{"line":119,"column":8}},{"start":{"line":119,"column":8},"end":{"line":119,"column":8}}]},"10":{"line":122,"type":"if","locations":[{"start":{"line":122,"column":8},"end":{"line":122,"column":8}},{"start":{"line":122,"column":8},"end":{"line":122,"column":8}}]}}},"contracts\\DeployedContracts\\PriceConverter.sol":{"l":{"27":0,"28":0,"34":0,"35":0,"45":0,"46":0,"47":0,"48":0,"53":0,"54":0,"56":0,"57":0,"59":0,"61":0,"66":0},"path":"C:\\Users\\d-aam\\GitHub\\Certificates\\contracts\\DeployedContracts\\PriceConverter.sol","s":{"1":0,"2":0,"3":0,"4":0,"5":0,"6":0,"7":0,"8":0,"9":0,"10":0,"11":0,"12":0,"13":0,"14":0,"15":0},"b":{"1":[0,0],"2":[0,0]},"f":{"1":0,"2":0,"3":0,"4":0,"5":0,"6":0},"fnMap":{"1":{"name":"isAddressOK","line":26,"loc":{"start":{"line":26,"column":4},"end":{"line":29,"column":4}}},"2":{"name":"PriceConverter_init","line":32,"loc":{"start":{"line":32,"column":4},"end":{"line":36,"column":4}}},"3":{"name":"checkProposition","line":40,"loc":{"start":{"line":39,"column":4},"end":{"line":41,"column":5}}},"4":{"name":"UpdateAll","line":43,"loc":{"start":{"line":43,"column":4},"end":{"line":49,"column":4}}},"5":{"name":"fromUSDToETH","line":52,"loc":{"start":{"line":52,"column":4},"end":{"line":62,"column":4}}},"6":{"name":"retrieveSettings","line":64,"loc":{"start":{"line":64,"column":4},"end":{"line":67,"column":4}}}},"statementMap":{"1":{"start":{"line":27,"column":8},"end":{"line":27,"column":43}},"2":{"start":{"line":34,"column":8},"end":{"line":34,"column":112}},"3":{"start":{"line":35,"column":8},"end":{"line":35,"column":50}},"4":{"start":{"line":45,"column":8},"end":{"line":45,"column":68}},"5":{"start":{"line":46,"column":8},"end":{"line":46,"column":90}},"6":{"start":{"line":47,"column":8},"end":{"line":47,"column":60}},"7":{"start":{"line":48,"column":8},"end":{"line":48,"column":52}},"8":{"start":{"line":53,"column":8},"end":{"line":53,"column":81}},"9":{"start":{"line":54,"column":8},"end":{"line":54,"column":89}},"10":{"start":{"line":56,"column":8},"end":{"line":56,"column":96}},"11":{"start":{"line":57,"column":8},"end":{"line":57,"column":99}},"12":{"start":{"line":59,"column":8},"end":{"line":59,"column":37}},"13":{"start":{"line":59,"column":26},"end":{"line":59,"column":36}},"14":{"start":{"line":61,"column":8},"end":{"line":61,"column":21}},"15":{"start":{"line":66,"column":8},"end":{"line":66,"column":33}}},"branchMap":{"1":{"line":27,"type":"if","locations":[{"start":{"line":27,"column":8},"end":{"line":27,"column":8}},{"start":{"line":27,"column":8},"end":{"line":27,"column":8}}]},"2":{"line":59,"type":"if","locations":[{"start":{"line":59,"column":8},"end":{"line":59,"column":8}},{"start":{"line":59,"column":8},"end":{"line":59,"column":8}}]}}},"contracts\\DeployedContracts\\PrivateCertificatesPool.sol":{"l":{"18":0,"20":0,"21":0},"path":"C:\\Users\\d-aam\\GitHub\\Certificates\\contracts\\DeployedContracts\\PrivateCertificatesPool.sol","s":{"1":0,"2":0,"3":0},"b":{"1":[0,0]},"f":{"1":0},"fnMap":{"1":{"name":"PrivateCertPool_init","line":16,"loc":{"start":{"line":16,"column":4},"end":{"line":24,"column":4}}}},"statementMap":{"1":{"start":{"line":18,"column":6},"end":{"line":18,"column":82}},"2":{"start":{"line":20,"column":6},"end":{"line":20,"column":759}},"3":{"start":{"line":21,"column":8},"end":{"line":21,"column":62}}},"branchMap":{"1":{"line":20,"type":"if","locations":[{"start":{"line":20,"column":6},"end":{"line":20,"column":6}},{"start":{"line":20,"column":6},"end":{"line":20,"column":6}}]}}},"contracts\\DeployedContracts\\PrivatePoolFactory.sol":{"l":{"18":0,"24":0,"25":0,"27":0,"28":0,"30":0,"31":0},"path":"C:\\Users\\d-aam\\GitHub\\Certificates\\contracts\\DeployedContracts\\PrivatePoolFactory.sol","s":{"1":0,"2":0,"3":0,"4":0,"5":0,"6":0,"7":0,"8":0},"b":{"1":[0,0]},"f":{"1":0,"2":0},"fnMap":{"1":{"name":"PrivatePoolFactory_init","line":17,"loc":{"start":{"line":17,"column":4},"end":{"line":19,"column":4}}},"2":{"name":"create","line":22,"loc":{"start":{"line":22,"column":4},"end":{"line":32,"column":4}}}},"statementMap":{"1":{"start":{"line":18,"column":8},"end":{"line":18,"column":65}},"2":{"start":{"line":24,"column":8},"end":{"line":24,"column":154}},"3":{"start":{"line":25,"column":8},"end":{"line":25,"column":177}},"4":{"start":{"line":27,"column":8},"end":{"line":27,"column":47}},"5":{"start":{"line":28,"column":8},"end":{"line":28,"column":100}},"6":{"start":{"line":28,"column":38},"end":{"line":28,"column":99}},"7":{"start":{"line":30,"column":8},"end":{"line":30,"column":211}},"8":{"start":{"line":31,"column":8},"end":{"line":31,"column":123}}},"branchMap":{"1":{"line":28,"type":"if","locations":[{"start":{"line":28,"column":8},"end":{"line":28,"column":8}},{"start":{"line":28,"column":8},"end":{"line":28,"column":8}}]}}},"contracts\\DeployedContracts\\PropositionSettings.sol":{"l":{"27":0,"28":0,"34":0,"35":0,"36":0,"42":0,"47":0,"49":0,"50":0,"51":0,"53":0,"55":0,"60":0,"61":0,"62":0,"68":0},"path":"C:\\Users\\d-aam\\GitHub\\Certificates\\contracts\\DeployedContracts\\PropositionSettings.sol","s":{"1":0,"2":0,"3":0,"4":0,"5":0,"6":0,"7":0,"8":0,"9":0,"10":0,"11":0,"12":0,"13":0,"14":0,"15":0,"16":0},"b":{"1":[0,0],"2":[0,0]},"f":{"1":0,"2":0,"3":0,"4":0,"5":0,"6":0},"fnMap":{"1":{"name":"areSettingsOKFunc","line":26,"loc":{"start":{"line":26,"column":4},"end":{"line":29,"column":4}}},"2":{"name":"PropositionSettings_init","line":32,"loc":{"start":{"line":32,"column":4},"end":{"line":37,"column":4}}},"3":{"name":"checkProposition","line":40,"loc":{"start":{"line":40,"column":4},"end":{"line":43,"column":4}}},"4":{"name":"UpdateAll","line":45,"loc":{"start":{"line":45,"column":4},"end":{"line":56,"column":4}}},"5":{"name":"InternalupdateSettings","line":58,"loc":{"start":{"line":58,"column":4},"end":{"line":63,"column":4}}},"6":{"name":"retrieveSettings","line":66,"loc":{"start":{"line":66,"column":4},"end":{"line":69,"column":4}}}},"statementMap":{"1":{"start":{"line":27,"column":8},"end":{"line":27,"column":62}},"2":{"start":{"line":28,"column":8},"end":{"line":28,"column":54}},"3":{"start":{"line":34,"column":8},"end":{"line":34,"column":112}},"4":{"start":{"line":35,"column":8},"end":{"line":35,"column":60}},"5":{"start":{"line":36,"column":8},"end":{"line":36,"column":86}},"6":{"start":{"line":42,"column":8},"end":{"line":42,"column":160}},"7":{"start":{"line":47,"column":8},"end":{"line":47,"column":68}},"8":{"start":{"line":49,"column":8},"end":{"line":49,"column":85}},"9":{"start":{"line":50,"column":8},"end":{"line":50,"column":86}},"10":{"start":{"line":51,"column":8},"end":{"line":51,"column":78}},"11":{"start":{"line":53,"column":8},"end":{"line":53,"column":86}},"12":{"start":{"line":55,"column":8},"end":{"line":55,"column":82}},"13":{"start":{"line":60,"column":8},"end":{"line":60,"column":31}},"14":{"start":{"line":61,"column":8},"end":{"line":61,"column":33}},"15":{"start":{"line":62,"column":8},"end":{"line":62,"column":32}},"16":{"start":{"line":68,"column":8},"end":{"line":68,"column":52}}},"branchMap":{"1":{"line":27,"type":"if","locations":[{"start":{"line":27,"column":8},"end":{"line":27,"column":8}},{"start":{"line":27,"column":8},"end":{"line":27,"column":8}}]},"2":{"line":28,"type":"if","locations":[{"start":{"line":28,"column":8},"end":{"line":28,"column":8}},{"start":{"line":28,"column":8},"end":{"line":28,"column":8}}]}}},"contracts\\DeployedContracts\\Provider.sol":{"l":{"51":0,"52":0,"56":0,"62":0,"63":0,"64":0,"66":0,"67":0,"69":0,"70":0,"76":0,"77":0,"78":0,"80":0,"85":0,"90":0,"95":0,"100":0,"101":0,"106":0,"111":0,"116":0,"121":0,"126":0,"131":0,"132":0,"133":0,"134":0,"135":0,"137":0,"139":0,"140":0,"141":0,"144":0,"147":0,"149":0,"156":0,"159":0,"166":0,"169":0,"176":0,"179":0,"185":0,"186":0,"187":0,"188":0,"194":0,"196":0,"198":0,"200":0,"202":0,"203":0,"208":0,"213":0,"218":0,"219":0,"220":0,"221":0,"226":0,"231":0,"232":0,"237":0,"238":0,"243":0,"251":0,"253":0,"254":0,"256":0,"258":0,"259":0,"260":0,"264":0,"265":0,"271":0,"273":0,"274":0,"276":0,"279":0},"path":"C:\\Users\\d-aam\\GitHub\\Certificates\\contracts\\DeployedContracts\\Provider.sol","s":{"1":0,"2":0,"3":0,"4":0,"5":0,"6":0,"7":0,"8":0,"9":0,"10":0,"11":0,"12":0,"13":0,"14":0,"15":0,"16":0,"17":0,"18":0,"19":0,"20":0,"21":0,"22":0,"23":0,"24":0,"25":0,"26":0,"27":0,"28":0,"29":0,"30":0,"31":0,"32":0,"33":0,"34":0,"35":0,"36":0,"37":0,"38":0,"39":0,"40":0,"41":0,"42":0,"43":0,"44":0,"45":0,"46":0,"47":0,"48":0,"49":0,"50":0,"51":0,"52":0,"53":0,"54":0,"55":0,"56":0,"57":0,"58":0,"59":0,"60":0,"61":0,"62":0,"63":0,"64":0,"65":0,"66":0,"67":0,"68":0,"69":0,"70":0,"71":0,"72":0,"73":0,"74":0,"75":0,"76":0,"77":0,"78":0,"79":0,"80":0,"81":0},"b":{"1":[0,0],"2":[0,0],"3":[0,0],"4":[0,0],"5":[0,0],"6":[0,0],"7":[0,0],"8":[0,0],"9":[0,0],"10":[0,0],"11":[0,0],"12":[0,0],"13":[0,0]},"f":{"1":0,"2":0,"3":0,"4":0,"5":0,"6":0,"7":0,"8":0,"9":0,"10":0,"11":0,"12":0,"13":0,"14":0,"15":0,"16":0,"17":0,"18":0,"19":0,"20":0,"21":0,"22":0,"23":0,"24":0,"25":0,"26":0,"27":0},"fnMap":{"1":{"name":"isAPool","line":50,"loc":{"start":{"line":50,"column":4},"end":{"line":53,"column":4}}},"2":{"name":"isAPoolFunc","line":55,"loc":{"start":{"line":55,"column":4},"end":{"line":57,"column":4}}},"3":{"name":"Provider_init","line":60,"loc":{"start":{"line":60,"column":4},"end":{"line":72,"column":4}}},"4":{"name":"addPool","line":75,"loc":{"start":{"line":75,"column":4},"end":{"line":81,"column":4}}},"5":{"name":"removePool","line":83,"loc":{"start":{"line":83,"column":4},"end":{"line":86,"column":4}}},"6":{"name":"validatePool","line":88,"loc":{"start":{"line":88,"column":4},"end":{"line":91,"column":4}}},"7":{"name":"rejectPool","line":93,"loc":{"start":{"line":93,"column":4},"end":{"line":96,"column":4}}},"8":{"name":"removeConfigForPool","line":98,"loc":{"start":{"line":98,"column":4},"end":{"line":102,"column":4}}},"9":{"name":"retrievePool","line":104,"loc":{"start":{"line":104,"column":4},"end":{"line":107,"column":4}}},"10":{"name":"retrievePoolConfg","line":109,"loc":{"start":{"line":109,"column":4},"end":{"line":112,"column":4}}},"11":{"name":"retrieveAllPools","line":114,"loc":{"start":{"line":114,"column":4},"end":{"line":117,"column":4}}},"12":{"name":"retrievePendingPools","line":119,"loc":{"start":{"line":119,"column":4},"end":{"line":122,"column":4}}},"13":{"name":"isPool","line":124,"loc":{"start":{"line":124,"column":4},"end":{"line":127,"column":4}}},"14":{"name":"extractCertIds","line":129,"loc":{"start":{"line":129,"column":4},"end":{"line":150,"column":4}}},"15":{"name":"addCertificate","line":154,"loc":{"start":{"line":152,"column":4},"end":{"line":160,"column":5}}},"16":{"name":"validateCertificate","line":164,"loc":{"start":{"line":162,"column":4},"end":{"line":170,"column":5}}},"17":{"name":"rejectCertificate","line":174,"loc":{"start":{"line":172,"column":4},"end":{"line":180,"column":4}}},"18":{"name":"GenerateStructsCert","line":182,"loc":{"start":{"line":182,"column":4},"end":{"line":189,"column":4}}},"19":{"name":"manipulateCertificate","line":192,"loc":{"start":{"line":191,"column":4},"end":{"line":204,"column":4}}},"20":{"name":"retrievePendingCertificates","line":206,"loc":{"start":{"line":206,"column":4},"end":{"line":209,"column":4}}},"21":{"name":"isCertificate","line":211,"loc":{"start":{"line":211,"column":4},"end":{"line":214,"column":4}}},"22":{"name":"internalisCertificate","line":216,"loc":{"start":{"line":216,"column":4},"end":{"line":222,"column":4}}},"23":{"name":"isCertificatePendingToAdded","line":224,"loc":{"start":{"line":224,"column":4},"end":{"line":227,"column":4}}},"24":{"name":"RemoveResizeCertificatesStructArray","line":229,"loc":{"start":{"line":229,"column":4},"end":{"line":233,"column":4}}},"25":{"name":"PositionInArray","line":235,"loc":{"start":{"line":235,"column":4},"end":{"line":244,"column":4}}},"26":{"name":"onItemValidated","line":249,"loc":{"start":{"line":249,"column":4},"end":{"line":267,"column":4}}},"27":{"name":"onItemRejected","line":269,"loc":{"start":{"line":269,"column":4},"end":{"line":281,"column":4}}}},"statementMap":{"1":{"start":{"line":51,"column":8},"end":{"line":51,"column":24}},"2":{"start":{"line":56,"column":8},"end":{"line":56,"column":45}},"3":{"start":{"line":62,"column":8},"end":{"line":62,"column":31}},"4":{"start":{"line":63,"column":8},"end":{"line":63,"column":30}},"5":{"start":{"line":64,"column":8},"end":{"line":64,"column":29}},"6":{"start":{"line":66,"column":8},"end":{"line":66,"column":96}},"7":{"start":{"line":67,"column":8},"end":{"line":67,"column":35}},"8":{"start":{"line":69,"column":8},"end":{"line":69,"column":2194}},"9":{"start":{"line":70,"column":12},"end":{"line":70,"column":66}},"10":{"start":{"line":76,"column":9},"end":{"line":76,"column":2490}},"11":{"start":{"line":77,"column":12},"end":{"line":77,"column":47}},"12":{"start":{"line":78,"column":12},"end":{"line":78,"column":33}},"13":{"start":{"line":80,"column":8},"end":{"line":80,"column":41}},"14":{"start":{"line":85,"column":7},"end":{"line":85,"column":33}},"15":{"start":{"line":90,"column":8},"end":{"line":90,"column":36}},"16":{"start":{"line":95,"column":8},"end":{"line":95,"column":34}},"17":{"start":{"line":106,"column":8},"end":{"line":106,"column":44}},"18":{"start":{"line":111,"column":8},"end":{"lin
[...]
}]}}},"contracts\\Libraries\\SignatureLibrary.sol":{"l":{"21":0,"22":0,"27":0,"41":0,"42":0,"47":0,"61":0,"62":0,"63":0,"68":0,"81":0,"82":0,"87":0,"88":0},"path":"C:\\Users\\d-aam\\GitHub\\Certificates\\contracts\\Libraries\\SignatureLibrary.sol","s":{"1":0,"2":0,"3":0,"4":0,"5":0,"6":0,"7":0,"8":0,"9":0,"10":0,"11":0,"12":0,"13":0},"b":{"1":[0,0]},"f":{"1":0,"2":0,"3":0,"4":0,"5":0,"6":0,"7":0,"8":0},"fnMap":{"1":{"name":"verifyAddCertificate","line":19,"loc":{"start":{"line":19,"column":4},"end":{"line":23,"column":4}}},"2":{"name":"getMessageHashAddCertificate","line":25,"loc":{"start":{"line":25,"column":4},"end":{"line":36,"column":4}}},"3":{"name":"verifyVote","line":39,"loc":{"start":{"line":39,"column":4},"end":{"line":43,"column":4}}},"4":{"name":"getMessageHashVote","line":45,"loc":{"start":{"line":45,"column":4},"end":{"line":56,"column":4}}},"5":{"name":"verify","line":59,"loc":{"start":{"line":59,"column":4},"end":{"line":64,"column":4}}},"6":{"name":"getDomainHash","line":66,"loc":{"start":{"line":66,"column":4},"end":{"line":77,"column":4}}},"7":{"name":"recoverSigner","line":79,"loc":{"start":{"line":79,"column":4},"end":{"line":83,"column":4}}},"8":{"name":"splitSignature","line":85,"loc":{"start":{"line":85,"column":4},"end":{"line":97,"column":4}}}},"statementMap":{"1":{"start":{"line":21,"column":8},"end":{"line":21,"column":111}},"2":{"start":{"line":22,"column":8},"end":{"line":22,"column":87}},"3":{"start":{"line":27,"column":8},"end":{"line":27,"column":1485}},"4":{"start":{"line":41,"column":8},"end":{"line":41,"column":87}},"5":{"start":{"line":42,"column":8},"end":{"line":42,"column":84}},"6":{"start":{"line":47,"column":8},"end":{"line":47,"column":2411}},"7":{"start":{"line":61,"column":8},"end":{"line":61,"column":73}},"8":{"start":{"line":62,"column":8},"end":{"line":62,"column":91}},"9":{"start":{"line":63,"column":8},"end":{"line":63,"column":65}},"10":{"start":{"line":68,"column":8},"end":{"line":68,"column":3280}},"11":{"start":{"line":81,"column":8},"end":{"line":81,"column":68}},"12":{"start":{"line":82,"column":8},"end":{"line":82,"column":48}},"13":{"start":{"line":87,"column":8},"end":{"line":87,"column":60}}},"branchMap":{"1":{"line":87,"type":"if","locations":[{"start":{"line":87,"column":8},"end":{"line":87,"column":8}},{"start":{"line":87,"column":8},"end":{"line":87,"column":8}}]}}},"contracts\\Libraries\\UintLibrary.sol":{"l":{"17":0,"18":0,"21":0,"26":0,"27":0,"28":0,"31":0,"36":0,"37":0,"42":0,"47":0},"path":"C:\\Users\\d-aam\\GitHub\\Certificates\\contracts\\Libraries\\UintLibrary.sol","s":{"1":0,"2":0,"3":0,"4":0,"5":0,"6":0,"7":0,"8":0,"9":0,"10":0,"11":0,"12":0},"b":{"1":[0,0]},"f":{"1":0,"2":0,"3":0,"4":0,"5":0},"fnMap":{"1":{"name":"FindUintPosition","line":15,"loc":{"start":{"line":15,"column":4},"end":{"line":22,"column":4}}},"2":{"name":"ProductOfFactors","line":24,"loc":{"start":{"line":24,"column":4},"end":{"line":32,"column":4}}},"3":{"name":"UintArrayRemoveResize","line":34,"loc":{"start":{"line":34,"column":4},"end":{"line":38,"column":4}}},"4":{"name":"UintToBytes32","line":40,"loc":{"start":{"line":40,"column":4},"end":{"line":43,"column":4}}},"5":{"name":"Bytes32ToUint","line":45,"loc":{"start":{"line":45,"column":4},"end":{"line":48,"column":4}}}},"statementMap":{"1":{"start":{"line":17,"column":8},"end":{"line":17,"column":374}},"2":{"start":{"line":18,"column":12},"end":{"line":18,"column":41}},"3":{"start":{"line":18,"column":33},"end":{"line":18,"column":41}},"4":{"start":{"line":21,"column":8},"end":{"line":21,"column":30}},"5":{"start":{"line":26,"column":8},"end":{"line":26,"column":23}},"6":{"start":{"line":27,"column":9},"end":{"line":27,"column":634}},"7":{"start":{"line":28,"column":12},"end":{"line":28,"column":39}},"8":{"start":{"line":31,"column":8},"end":{"line":31,"column":21}},"9":{"start":{"line":36,"column":8},"end":{"line":36,"column":45}},"10":{"start":{"line":37,"column":8},"end":{"line":37,"column":18}},"11":{"start":{"line":42,"column":8},"end":{"line":42,"column":31}},"12":{"start":{"line":47,"column":8},"end":{"line":47,"column":31}}},"branchMap":{"1":{"line":18,"type":"if","locations":[{"start":{"line":18,"column":12},"end":{"line":18,"column":12}},{"start":{"line":18,"column":12},"end":{"line":18,"column":12}}]}}},"contracts\\Migration\\Migrations.sol":{"l":{"9":1,"13":1,"17":1},"path":"C:\\Users\\d-aam\\GitHub\\Certificates\\contracts\\Migration\\Migrations.sol","s":{"1":1,"2":1},"b":{"1":[1,0]},"f":{"1":1,"2":1},"fnMap":{"1":{"name":"restricted","line":8,"loc":{"start":{"line":8,"column":2},"end":{"line":14,"column":2}}},"2":{"name":"setCompleted","line":16,"loc":{"start":{"line":16,"column":2},"end":{"line":18,"column":2}}}},"statementMap":{"1":{"start":{"line":9,"column":4},"end":{"line":9,"column":209}},"2":{"start":{"line":17,"column":4},"end":{"line":17,"column":39}}},"branchMap":{"1":{"line":9,"type":"if","locations":[{"start":{"line":9,"column":4},"end":{"line":9,"column":4}},{"start":{"line":9,"column":4},"end":{"line":9,"column":4}}]}}},"contracts\\Mock\\MockChainLinkFeedRegistry.sol":{"l":{"15":0,"16":0,"28":0,"32":0},"path":"C:\\Users\\d-aam\\GitHub\\Certificates\\contracts\\Mock\\MockChainLinkFeedRegistry.sol","s":{"1":0,"2":0,"3":0,"4":0},"b":{},"f":{"1":0,"2":0,"3":0},"fnMap":{"1":{"name":"constructor","line":14,"loc":{"start":{"line":14,"column":4},"end":{"line":17,"column":4}}},"2":{"name":"latestRoundData","line":19,"loc":{"start":{"line":19,"column":4},"end":{"line":29,"column":4}}},"3":{"name":"decimals","line":31,"loc":{"start":{"line":31,"column":4},"end":{"line":33,"column":4}}}},"statementMap":{"1":{"start":{"line":15,"column":8},"end":{"line":15,"column":23}},"2":{"start":{"line":16,"column":8},"end":{"line":16,"column":32}},"3":{"start":{"line":28,"column":8},"end":{"line":28,"column":35}},"4":{"start":{"line":32,"column":8},"end":{"line":32,"column":28}}},"branchMap":{}},"contracts\\Mock\\MockENSRegistry.sol":{"l":{"26":0,"27":0,"28":0,"35":0,"46":0,"47":0,"59":0,"60":0,"69":0,"70":0,"80":0,"81":0,"82":0,"83":0,"92":0,"93":0,"102":0,"103":0,"113":0,"114":0,"123":0,"124":0,"125":0,"128":0,"137":0,"146":0,"155":0,"165":0,"169":0,"173":0,"174":0,"175":0,"178":0,"179":0,"180":0},"path":"C:\\Users\\d-aam\\GitHub\\Certificates\\contracts\\Mock\\MockENSRegistry.sol","s":{"1":0,"2":0,"3":0,"4":0,"5":0,"6":0,"7":0,"8":0,"9":0,"10":0,"11":0,"12":0,"13":0,"14":0,"15":0,"16":0,"17":0,"18":0,"19":0,"20":0,"21":0,"22":0,"23":0,"24":0,"25":0,"26":0,"27":0,"28":0,"29":0,"30":0,"31":0,"32":0,"33":0,"34":0},"b":{"1":[0,0],"2":[0,0],"3":[0,0],"4":[0,0]},"f":{"1":0,"2":0,"3":0,"4":0,"5":0,"6":0,"7":0,"8":0,"9":0,"10":0,"11":0,"12":0,"13":0,"14":0,"15":0,"16":0},"fnMap":{"1":{"name":"authorised","line":25,"loc":{"start":{"line":25,"column":4},"end":{"line":29,"column":4}}},"2":{"name":"constructor","line":34,"loc":{"start":{"line":34,"column":4},"end":{"line":36,"column":4}}},"3":{"name":"setRecord","line":45,"loc":{"start":{"line":45,"column":4},"end":{"line":48,"column":4}}},"4":{"name":"setSubnodeRecord","line":58,"loc":{"start":{"line":58,"column":4},"end":{"line":61,"column":4}}},"5":{"name":"setOwner","line":68,"loc":{"start":{"line":68,"column":4},"end":{"line":71,"column":4}}},"6":{"name":"setSubnodeOwner","line":79,"loc":{"start":{"line":79,"column":4},"end":{"line":84,"column":4}}},"7":{"name":"setResolver","line":91,"loc":{"start":{"line":91,"column":4},"end":{"line":94,"column":4}}},"8":{"name":"setTTL","line":101,"loc":{"start":{"line":101,"column":4},"end":{"line":104,"column":4}}},"9":{"name":"setApprovalForAll","line":112,"loc":{"start":{"line":112,"column":4},"end":{"line":115,"column":4}}},"10":{"name":"owner","line":122,"loc":{"start":{"line":122,"column":4},"end":{"line":129,"column":4}}},"11":{"name":"resolver","line":136,"loc":{"start":{"line":136,"column":4},"end":{"line":138,"column":4}}},"12":{"name":"ttl","line":145,"loc":{"start":{"line":145,"column":4},"end":{"line":147,"column":4}}},"13":{"name":"recordExists","line":154,"loc":{"start":{"line":154,"column":4},"end":{"line":156,"column":4}}},"14":{"name":"isApprovedForAll","line":164,"loc":{"start":{"line":164,"column":4},"end":{"line":166,"column":4}}},"15":{"name":"_setOwner","line":168,"loc":{"start":{"line":168,"column":4},"end":{"line":170,"column":4}}},"16":{"name":"_setResolverAndTTL","line":172,"loc":{"start":{"line":172,"column":4},"end":{"line":182,"column":4}}}},"statementMap":{"1":{"start":{"line":26,"column":8},"end":{"line":26,"column":43}},"2":{"start":{"line":27,"column":8},"end":{"line":27,"column":67}},"3":{"start":{"line":35,"column":8},"end":{"line":35,"column":38}},"4":{"start":{"line":46,"column":8},"end":{"line":46,"column":28}},"5":{"start":{"line":47,"column":8},"end":{"line":47,"column":46}},"6":{"start":{"line":59,"column":8},"end":{"line":59,"column":61}},"7":{"start":{"line":60,"column":8},"end":{"line":60,"column":49}},"8":{"start":{"line":69,"column":8},"end":{"line":69,"column":29}},"9":{"start":{"line":70,"column":8},"end":{"line":70,"column":34}},"10":{"start":{"line":80,"column":8},"end":{"line":80,"column":66}},"11":{"start":{"line":81,"column":8},"end":{"line":81,"column":32}},"12":{"start":{"line":82,"column":8},"end":{"line":82,"column":41}},"13":{"start":{"line":83,"column":8},"end":{"line":83,"column":22}},"14":{"start":{"line":92,"column":8},"end":{"line":92,"column":40}},"15":{"start":{"line":93,"column":8},"end":{"line":93,"column":40}},"16":{"start":{"line":102,"column":8},"end":{"line":102,"column":30}},"17":{"start":{"line":103,"column":8},"end":{"line":103,"column":30}},"18":{"start":{"line":113,"column":8},"end":{"line":113,"column":49}},"19":{"start":{"line":114,"column":8},"end":{"line":114,"column":59}},"20":{"start":{"line":123,"column":8},"end":{"line":123,"column":42}},"21":{"start":{"line":124,"column":8},"end":{"line":124,"column":4584}},"22":{"start":{"line":125,"column":12},"end":{"line":125,"column":31}},"23":{"start":{"line":128,"column":8},"end":{"line":128,"column":19}},"24":{"start":{"line":137,"column":8},"end":{"line":137,"column":37}},"25":{"start":{"line":146,"column":8},"end":{"line":146,"column":32}},"26":{"start":{"line":155,"column":8},"end":{"line":155,"column":50}},"27":{"start":{"line":165,"column":8},"end":{"line":165,"column":41}},"28":{"start":{"line":169,"column":8},"end":{"line":169,"column":34}},"29":{"start":{"line":173,"column":8},"end":{"line":173,"column":6301}},"30":{"start":{"line":174,"column":12},"end":{"line":174,"column":44}},"31":{"start":{"line":175,"column":12},"end":{"line":175,"column":44}},"32":{"start":{"line":178,"column":8},"end":{"line":178,"column":6459}},"33":{"start":{"line":179,"column":12},"end":{"line":179,"column":34}},"34":{"start":{"line":180,"column":12},"end":{"line":180,"column":34}}},"branchMap":{"1":{"line":27,"type":"if","locations":[{"start":{"line":27,"column":8},"end":{"line":27,"column":8}},{"start":{"line":27,"column":8},"end":{"line":27,"column":8}}]},"2":{"line":124,"type":"if","locations":[{"start":{"line":124,"column":8},"end":{"line":124,"column":8}},{"start":{"line":124,"column":8},"end":{"line":124,"column":8}}]},"3":{"line":173,"type":"if","locations":[{"start":{"line":173,"column":8},"end":{"line":173,"column":8}},{"start":{"line":173,"column":8},"end":{"line":173,"column":8}}]},"4":{"line":178,"type":"if","locations":[{"start":{"line":178,"column":8},"end":{"line":178,"column":8}},{"start":{"line":178,"column":8},"end":{"line":178,"column":8}}]}}},"contracts\\Mock\\MockENSResolver.sol":{"l":{"21":0,"22":0,"26":0,"27":0,"33":0,"34":0,"57":0,"66":0,"67":0,"68":0,"70":0,"74":0,"75":0,"76":0,"78":0,"82":0,"100":0,"101":0,"111":0,"131":0,"147":0,"148":0,"152":0,"153":0,"157":0,"158":0,"159":0,"160":0,"161":0,"163":0},"path":"C:\\Users\\d-aam\\GitHub\\Certificates\\contracts\\Mock\\MockENSResolver.sol","s":{"1":0,"2":0,"3":0,"4":0,"5":0,"6":0,"7":0,"8":0,"9":0,"10":0,"11":0,"12":0,"13":0,"14":0,"15":0,"16":0,"17":0,"18":0,"19":0,"20":0,"21":0,"22":0,"23":0,"24":0,"25":0,"26":0,"27":0},"b":{"1":[0,0],"2":[0,0],"3":[0,0],"4":[0,0],"5":[0,0]},"f":{"1":0,"2":0,"3":0,"4":0,"5":0,"6":0,"7":0,"8":0,"9":0,"10":0,"11":0,"12":0,"13":0},"fnMap":{"1":{"name":"authorised","line":20,"loc":{"start":{"line":20,"column":4},"end":{"line":23,"column":4}}},"2":{"name":"bytesToAddress","line":25,"loc":{"start":{"line":25,"column":4},"end":{"line":30,"column":4}}},"3":{"name":"addressToBytes","line":32,"loc":{"start":{"line":32,"column":4},"end":{"line":37,"column":4}}},"4":{"name":"setAddr","line":56,"loc":{"start":{"line":56,"column":4},"end":{"line":58,"column":4}}},"5":{"name":"addr","line":65,"loc":{"start":{"line":65,"column":4},"end":{"line":71,"column":4}}},"6":{"name":"setAddr","line":73,"loc":{"start":{"line":73,"column":4},"end":{"line":79,"column":4}}},"7":{"name":"addr","line":81,"loc":{"start":{"line":81,"column":4},"end":{"line":83,"column":4}}},"8":{"name":"setName","line":99,"loc":{"start":{"line":99,"column":4},"end":{"line":102,"column":4}}},"9":{"name":"name","line":110,"loc":{"start":{"line":110,"column":4},"end":{"line":112,"column":4}}},"10":{"name":"constructor","line":130,"loc":{"start":{"line":130,"column":4},"end":{"line":132,"column":4}}},"11":{"name":"setAuthorisation","line":146,"loc":{"start":{"line":146,"column":4},"end":{"line":149,"column":4}}},"12":{"name":"isAuthorised","line":151,"loc":{"start":{"line":151,"column":4},"end":{"line":154,"column":4}}},"13":{"name":"multicall","line":156,"loc":{"start":{"line":156,"column":4},"end":{"line":164,"column":4}}}},"statementMap":{"1":{"start":{"line":21,"column":8},"end":{"line":21,"column":34}},"2":{"start":{"line":26,"column":8},"end":{"line":26,"column":30}},"3":{"start":{"line":33,"column":8},"end":{"line":33,"column":24}},"4":{"start":{"line":57,"column":8},"end":{"line":57,"column":54}},"5":{"start":{"line":66,"column":8},"end":{"line":66,"column":50}},"6":{"start":{"line":67,"column":8},"end":{"line":67,"column":2222}},"7":{"start":{"line":68,"column":12},"end":{"line":68,"column":29}},"8":{"start":{"line":70,"column":8},"end":{"line":70,"column":32}},"9":{"start":{"line":74,"column":8},"end":{"line":74,"column":46}},"10":{"start":{"line":75,"column":8},"end":{"line":75,"column":2482}},"11":{"start":{"line":76,"column":12},"end":{"line":76,"column":53}},"12":{"start":{"line":78,"column":8},"end":{"line":78,"column":37}},"13":{"start":{"line":82,"column":8},"end":{"line":82,"column":41}},"14":{"start":{"line":100,"column":8},"end":{"line":100,"column":25}},"15":{"start":{"line":101,"column":8},"end":{"line":101,"column":36}},"16":{"start":{"line":111,"column":8},"end":{"line":111,"column":26}},"17":{"start":{"line":131,"column":8},"end":{"line":131,"column":17}},"18":{"start":{"line":147,"column":8},"end":{"line":147,"column":62}},"19":{"start":{"line":148,"column":8},"end":{"line":148,"column":73}},"20":{"start":{"line":152,"column":8},"end":{"line":152,"column":39}},"21":{"start":{"line":153,"column":8},"end":{"line":153,"column":77}},"22":{"start":{"line":157,"column":8},"end":{"line":157,"column":41}},"23":{"start":{"line":158,"column":8},"end":{"line":158,"column":5617}},"24":{"start":{"line":159,"column":12},"end":{"line":159,"column":85}},"25":{"start":{"line":160,"column":12},"end":{"line":160,"column":27}},"26":{"start":{"line":161,"column":12},"end":{"line":161,"column":30}},"27":{"start":{"line":163,"column":8},"end":{"line":163,"column":22}}},"branchMap":{"1":{"line":21,"type":"if","locations":[{"start":{"line":21,"column":8},"end":{"line":21,"column":8}},{"start":{"line":21,"column":8},"end":{"line":21,"column":8}}]},"2":{"line":26,"type":"if","locations":[{"start":{"line":26,"column":8},"end":{"line":26,"column":8}},{"start":{"line":26,"column":8},"end":{"line":26,"column":8}}]},"3":{"line":67,"type":"if","locations":[{"start":{"line":67,"column":8},"end":{"line":67,"column":8}},{"start":{"line":67,"column":8},"end":{"line":67,"column":8}}]},"4":{"line":75,"type":"if","locations":[{"start":{"line":75,"column":8},"end":{"line":75,"column":8}},{"start":{"line":75,"column":8},"end":{"line":75,"column":8}}]},"5":{"line":160,"type":"if","locations":[{"start":{"line":160,"column":12},"end":{"line":160,"column":12}},{"start":{"line":160,"column":12},"end":{"line":160,"column":12}}]}}},"contracts\\Mock\\MockENSReverseRegistry.sol":{"l":{"31":0,"32":0,"35":0,"36":0,"37":0,"48":0,"59":0,"63":0,"64":0,"65":0,"68":0,"70":0,"71":0,"72":0,"74":0,"78":0,"79":0,"82":0,"93":0,"94":0,"95":0,"104":0,"115":0,"116":0,"117":0,"134":0},"path":"C:\\Users\\d-aam\\GitHub\\Certificates\\contracts\\Mock\\MockENSReverseRegistry.sol","s":{"1":0,"2":0,"3":0,"4":0,"5":0,"6":0,"7":0,"8":0,"9":0,"10":0,"11":0,"12":0,"13":0,"14":0,"15":0,"16":0,"17":0,"18":0,"19":0,"20":0,"21":0,"22":0,"23":0},"b":{"1":[0,0],"2":[0,0],"3":[0,0],"4":[0,0]},"f":{"1":0,"2":0,"3":0,"4":0,"5":0,"6":0,"7":0,"8":0},"fnMap":{"1":{"name":"constructor","line":30,"loc":{"start":{"line":30,"column":4},"end":{"line":39,"column":4}}},"2":{"name":"claim","line":47,"loc":{"start":{"line":47,"column":4},"end":{"line":49,"column":4}}},"3":{"name":"claimWithResolver","line":58,"loc":{"start":{"line":58,"column":4},"end":{"line":60,"column":4}}},"4":{"name":"claimWithResolver_int","line":62,"loc":{"start":{"line":62,"column":4},"end":{"line":83,"column":4}}},"5":{"name":"setName","line":92,"loc":{"start":{"line":92,"column":4},"end":{"line":96,"column":4}}},"6":{"name":"node","line":103,"loc":{"start":{"line":103,"column":4},"end":{"line":105,"column":4}}},"7":{"name":"sha3HexAddress","line":114,"loc":{"start":{"line":114,"column":4},"end":{"line":131,"column":4}}},"8":{"name":"getDefaultResolver","line":133,"loc":{"start":{"line":133,"column":4},"end":{"line":135,"column":4}}}},"statementMap":{"1":{"start":{"line":31,"column":8},"end":{"line":31,"column":20}},"2":{"start":{"line":32,"column":8},"end":{"line":32,"column":37}},"3":{"start":{"line":35,"column":8},"end":{"line":35,"column":98}},"4":{"start":{"line":36,"column":8},"end":{"line":36,"column":1225}},"5":{"start":{"line":37,"column":12},"end":{"line":37,"column":41}},"6":{"start":{"line":48,"column":8},"end":{"line":48,"column":57}},"7":{"start":{"line":59,"column":8},"end":{"line":59,"column":53}},"8":{"start":{"line":63,"column":8},"end":{"line":63,"column":50}},"9":{"start":{"line":64,"column":8},"end":{"line":64,"column":76}},"10":{"start":{"line":65,"column":8},"end":{"line":65,"column":46}},"11":{"start":{"line":68,"column":8},"end":{"line":68,"column":2595}},"12":{"start":{"line":70,"column":12},"end":{"line":70,"column":2744}},"13":{"start":{"line":71,"column":16},"end":{"line":71,"column":75}},"14":{"start":{"line":72,"column":16},"end":{"line":72,"column":43}},"15":{"start":{"line":74,"column":12},"end":{"line":74,"column":42}},"16":{"start":{"line":78,"column":8},"end":{"line":78,"column":3027}},"17":{"start":{"line":79,"column":12},"end":{"line":79,"column":63}},"18":{"start":{"line":82,"column":8},"end":{"line":82,"column":19}},"19":{"start":{"line":93,"column":8},"end":{"line":93,"column":85}},"20":{"start":{"line":94,"column":8},"end":{"line":94,"column":42}},"21":{"start":{"line":95,"column":8},"end":{"line":95,"column":19}},"22":{"start":{"line":104,"column":8},"end":{"line":104,"column":83}},"23":{"start":{"line":134,"column":8},"end":{"line":134,"column":39}}},"branchMap":{"1":{"line":36,"type":"if","locations":[{"start":{"line":36,"column":8},"end":{"line":36,"column":8}},{"start":{"line":36,"column":8},"end":{"line":36,"column":8}}]},"2":{"line":68,"type":"if","locations":[{"start":{"line":68,"column":8},"end":{"line":68,"column":8}},{"start":{"line":68,"column":8},"end":{"line":68,"column":8}}]},"3":{"line":70,"type":"if","locations":[{"start":{"line":70,"column":12},"end":{"line":70,"column":12}},{"start":{"line":70,"column":12},"end":{"line":70,"column":12}}]},"4":{"line":78,"type":"if","locations":[{"start":{"line":78,"column":8},"end":{"line":78,"column":8}},{"start":{"line":78,"column":8},"end":{"line":78,"column":8}}]}}}}