TN:
SF:C:\Users\d-aam\GitHub\Certificates\contracts\Abstract\Factory.sol
FN:54,isIdCorrect
FN:60,Factory_init
FN:68,internalCreate
FN:83,updateContractName
FN:90,updateContractVersion
FN:97,retrieve
FN:103,retrieveTotal
FN:108,retrieveConfig
FNF:8
FNH:0
FNDA:0,isIdCorrect
FNDA:0,Factory_init
FNDA:0,internalCreate
FNDA:0,updateContractName
FNDA:0,updateContractVersion
FNDA:0,retrieve
FNDA:0,retrieveTotal
FNDA:0,retrieveConfig
DA:55,0
DA:56,0
DA:61,0
DA:62,0
DA:63,0
DA:64,0
DA:70,0
DA:71,0
DA:73,0
DA:74,0
DA:75,0
DA:77,0
DA:79,0
DA:85,0
DA:86,0
DA:92,0
DA:93,0
DA:100,0
DA:105,0
DA:110,0
LF:20
LH:0
BRDA:71,1,0,0
BRDA:71,1,1,0
BRDA:77,2,0,0
BRDA:77,2,1,0
BRF:4
BRH:0
end_of_record
TN:
SF:C:\Users\d-aam\GitHub\Certificates\contracts\Abstract\MultiSigCertificatesPool.sol
FN:52,isAProvider
FN:57,CertificateDoesNotExist
FN:62,CertificateExist
FN:67,AddressIsNot
FN:73,MultiSigCertPool_init
FN:84,addProvider
FN:89,removeProvider
FN:94,validateProvider
FN:99,rejectProvider
FN:104,retrieveProvider
FN:109,retrieveAllProviders
FN:114,isProvider
FN:119,retrievePendingProviders
FN:125,addCertificate
FN:131,addCertificateOnBehalfOf
FN:138,onBeforeAddCertificate
FN:142,checkSignature
FN:151,addCertificateInternal
FN:158,addingCertificate
FN:168,transferCertificate
FN:186,retrieveCertificateProvider
FN:192,retrieveTotalCertificatesByHolder
FN:198,retrieveCertificatesByHolder
FN:228,retrieveAddCertificatePriceWei
FN:233,retrieveSubscriptionPriceWei
FNF:25
FNH:0
FNDA:0,isAProvider
FNDA:0,CertificateDoesNotExist
FNDA:0,CertificateExist
FNDA:0,AddressIsNot
FNDA:0,MultiSigCertPool_init
FNDA:0,addProvider
FNDA:0,removeProvider
FNDA:0,validateProvider
FNDA:0,rejectProvider
FNDA:0,retrieveProvider
FNDA:0,retrieveAllProviders
FNDA:0,isProvider
FNDA:0,retrievePendingProviders
FNDA:0,addCertificate
FNDA:0,addCertificateOnBehalfOf
FNDA:0,onBeforeAddCertificate
FNDA:0,checkSignature
FNDA:0,addCertificateInternal
FNDA:0,addingCertificate
FNDA:0,transferCertificate
FNDA:0,retrieveCertificateProvider
FNDA:0,retrieveTotalCertificatesByHolder
FNDA:0,retrieveCertificatesByHolder
FNDA:0,retrieveAddCertificatePriceWei
FNDA:0,retrieveSubscriptionPriceWei
DA:53,0
DA:54,0
DA:58,0
DA:59,0
DA:63,0
DA:64,0
DA:68,0
DA:69,0
DA:75,0
DA:76,0
DA:77,0
DA:78,0
DA:79,0
DA:86,0
DA:91,0
DA:96,0
DA:101,0
DA:106,0
DA:111,0
DA:116,0
DA:121,0
DA:127,0
DA:128,0
DA:133,0
DA:134,0
DA:135,0
DA:144,0
DA:145,0
DA:153,0
DA:155,0
DA:160,0
DA:161,0
DA:162,0
DA:170,0
DA:171,0
DA:173,0
DA:174,0
DA:176,0
DA:177,0
DA:179,0
DA:181,0
DA:189,0
DA:195,0
DA:201,0
DA:202,0
DA:205,0
DA:206,0
DA:207,0
DA:209,0
DA:210,0
DA:211,0
DA:212,0
DA:214,0
DA:215,0
DA:216,0
DA:217,0
DA:220,0
DA:221,0
DA:225,0
DA:230,0
DA:235,0
LF:61
LH:0
BRDA:53,1,0,0
BRDA:53,1,1,0
BRDA:58,2,0,0
BRDA:58,2,1,0
BRDA:63,3,0,0
BRDA:63,3,1,0
BRDA:68,4,0,0
BRDA:68,4,1,0
BRDA:144,5,0,0
BRDA:144,5,1,0
BRDA:170,6,0,0
BRDA:170,6,1,0
BRDA:173,7,0,0
BRDA:173,7,1,0
BRDA:179,8,0,0
BRDA:179,8,1,0
BRDA:201,9,0,0
BRDA:201,9,1,0
BRDA:206,10,0,0
BRDA:206,10,1,0
BRDA:215,11,0,0
BRDA:215,11,1,0
BRDA:216,12,0,0
BRDA:216,12,1,0
BRF:24
BRH:0
end_of_record
TN:
SF:C:\Users\d-aam\GitHub\Certificates\contracts\Abstract\MultiSigContract.sol
FN:24,NotEmpty
FN:29,minRequired
FN:34,minRequiredFunc
FN:38,HasNotAlreadyVotedMinOwner
FN:43,HasNotAlreadyVotedMinOwnerFunc
FN:47,NewMinOwnerInProgress
FN:52,NewMinOwnerInProgressFunc
FN:60,MultiSigContract_init
FN:81,addOwner
FN:87,removeOwner
FN:92,validateOwner
FN:100,rejectOwner
FN:105,retrieveOwner
FN:109,retrieveAllOwners
FN:113,retrieveMinOwners
FN:117,isOwner
FN:121,retrievePendingOwners
FN:130,changeMinOwners
FN:139,validateMinOwners
FN:147,rejectMinOwners
FN:152,deleteNewMinOwners
FN:160,voteNewMinOwners
FN:170,checkNewMinOwners
FN:184,retrievePendingMinOwners
FN:189,retrievePendingMinOwnersStatus
FNF:25
FNH:0
FNDA:0,NotEmpty
FNDA:0,minRequired
FNDA:0,minRequiredFunc
FNDA:0,HasNotAlreadyVotedMinOwner
FNDA:0,HasNotAlreadyVotedMinOwnerFunc
FNDA:0,NewMinOwnerInProgress
FNDA:0,NewMinOwnerInProgressFunc
FNDA:0,MultiSigContract_init
FNDA:0,addOwner
FNDA:0,removeOwner
FNDA:0,validateOwner
FNDA:0,rejectOwner
FNDA:0,retrieveOwner
FNDA:0,retrieveAllOwners
FNDA:0,retrieveMinOwners
FNDA:0,isOwner
FNDA:0,retrievePendingOwners
FNDA:0,changeMinOwners
FNDA:0,validateMinOwners
FNDA:0,rejectMinOwners
FNDA:0,deleteNewMinOwners
FNDA:0,voteNewMinOwners
FNDA:0,checkNewMinOwners
FNDA:0,retrievePendingMinOwners
FNDA:0,retrievePendingMinOwnersStatus
DA:25,0
DA:26,0
DA:30,0
DA:31,0
DA:35,0
DA:39,0
DA:40,0
DA:44,0
DA:48,0
DA:49,0
DA:53,0
DA:62,0
DA:64,0
DA:66,0
DA:67,0
DA:68,0
DA:71,0
DA:72,0
DA:73,0
DA:74,0
DA:75,0
DA:76,0
DA:83,0
DA:89,0
DA:94,0
DA:95,0
DA:97,0
DA:102,0
DA:106,0
DA:110,0
DA:114,0
DA:118,0
DA:122,0
DA:132,0
DA:133,0
DA:141,0
DA:149,0
DA:154,0
DA:155,0
DA:156,0
DA:157,0
DA:162,0
DA:165,0
DA:167,0
DA:172,0
DA:174,0
DA:175,0
DA:179,0
DA:186,0
DA:191,0
LF:50
LH:0
BRDA:25,1,0,0
BRDA:25,1,1,0
BRDA:35,2,0,0
BRDA:35,2,1,0
BRDA:44,3,0,0
BRDA:44,3,1,0
BRDA:53,4,0,0
BRDA:53,4,1,0
BRDA:53,5,0,0
BRDA:53,5,1,0
BRDA:54,6,0,0
BRDA:54,6,1,0
BRDA:62,7,0,0
BRDA:62,7,1,0
BRDA:74,8,0,0
BRDA:74,8,1,0
BRDA:94,9,0,0
BRDA:94,9,1,0
BRDA:95,10,0,0
BRDA:95,10,1,0
BRDA:162,11,0,0
BRDA:162,11,1,0
BRDA:172,12,0,0
BRDA:172,12,1,0
BRDA:177,13,0,0
BRDA:177,13,1,0
BRF:26
BRH:0
end_of_record
TN:
SF:C:\Users\d-aam\GitHub\Certificates\contracts\Base\EntitiesBaseContract.sol
FN:42,isSomeoneSpecific
FN:47,isIdCorrect
FN:52,isAnOwner
FN:57,isAnOwnerFunc
FN:64,addEntity
FN:74,removeEntity
FN:84,validateEntity
FN:94,rejectEntity
FN:102,GenerateStructsEntity
FN:114,retrieveEntity
FN:122,retrieveAllEntities
FN:129,isEntity
FN:137,isEntityPendingToRemoved
FN:145,retrievePendingEntities
FN:155,onItemValidated
FN:159,onItemRejected
FNF:16
FNH:0
FNDA:0,isSomeoneSpecific
FNDA:0,isIdCorrect
FNDA:0,isAnOwner
FNDA:0,isAnOwnerFunc
FNDA:0,addEntity
FNDA:0,removeEntity
FNDA:0,validateEntity
FNDA:0,rejectEntity
FNDA:0,GenerateStructsEntity
FNDA:0,retrieveEntity
FNDA:0,retrieveAllEntities
FNDA:0,isEntity
FNDA:0,isEntityPendingToRemoved
FNDA:0,retrievePendingEntities
FNDA:0,onItemValidated
FNDA:0,onItemRejected
DA:43,0
DA:44,0
DA:48,0
DA:49,0
DA:53,0
DA:54,0
DA:58,0
DA:66,0
DA:69,0
DA:76,0
DA:79,0
DA:86,0
DA:89,0
DA:96,0
DA:99,0
DA:105,0
DA:106,0
DA:107,0
DA:108,0
DA:109,0
DA:110,0
DA:117,0
DA:118,0
DA:125,0
DA:132,0
DA:133,0
DA:140,0
DA:141,0
DA:148,0
DA:149,0
DA:150,0
LF:31
LH:0
BRDA:58,1,0,0
BRDA:58,1,1,0
BRF:2
BRH:0
end_of_record
TN:
SF:C:\Users\d-aam\GitHub\Certificates\contracts\Base\ManagedBaseContract.sol
FN:20,isFromManagerContract
FN:26,ManagedBaseContract_init
FN:31,retrieveManagerContract
FNF:3
FNH:0
FNDA:0,isFromManagerContract
FNDA:0,ManagedBaseContract_init
FNDA:0,retrieveManagerContract
DA:21,0
DA:22,0
DA:27,0
DA:32,0
LF:4
LH:0
BRF:0
BRH:0
end_of_record
TN:
SF:C:\Users\d-aam\GitHub\Certificates\contracts\Base\ReverseRegistryBaseContract.sol
FN:17,RegisterReverseAddress
FNF:1
FNH:0
FNDA:0,RegisterReverseAddress
DA:19,0
DA:20,0
DA:21,0
LF:3
LH:0
BRF:0
BRH:0
end_of_record
TN:
SF:C:\Users\d-aam\GitHub\Certificates\contracts\Base\SignatureBaseContract.sol
FN:19,isDeadlineOK
FN:24,isDeadlineOKFunc
FN:28,isNonceOK
FN:33,isNonceOKFunc
FN:38,validateNonce
FN:43,setContractConfig
FN:49,retrieveContractConfig
FN:54,retrieveNonce
FNF:8
FNH:0
FNDA:0,isDeadlineOK
FNDA:0,isDeadlineOKFunc
FNDA:0,isNonceOK
FNDA:0,isNonceOKFunc
FNDA:0,validateNonce
FNDA:0,setContractConfig
FNDA:0,retrieveContractConfig
FNDA:0,retrieveNonce
DA:20,0
DA:21,0
DA:25,0
DA:29,0
DA:30,0
DA:34,0
DA:40,0
DA:45,0
DA:46,0
DA:51,0
DA:56,0
LF:11
LH:0
BRDA:25,1,0,0
BRDA:25,1,1,0
BRDA:34,2,0,0
BRDA:34,2,1,0
BRF:4
BRH:0
end_of_record
TN:
SF:C:\Users\d-aam\GitHub\Certificates\contracts\Base\StdPropositionBaseContract.sol
FN:19,StdPropositionBaseContract_init
FN:25,sendProposition
FN:34,propositionApproved
FN:40,propositionRejected
FN:45,propositionExpired
FN:50,propositionCancelled
FN:56,removeProposition
FN:61,retrieveProposition
FN:66,PropositionsToBytes32
FN:77,checkProposition
FNF:10
FNH:0
FNDA:0,StdPropositionBaseContract_init
FNDA:0,sendProposition
FNDA:0,propositionApproved
FNDA:0,propositionRejected
FNDA:0,propositionExpired
FNDA:0,propositionCancelled
FNDA:0,removeProposition
FNDA:0,retrieveProposition
FNDA:0,PropositionsToBytes32
FNDA:0,checkProposition
DA:21,0
DA:27,0
DA:28,0
DA:29,0
DA:30,0
DA:36,0
DA:37,0
DA:42,0
DA:47,0
DA:52,0
DA:58,0
DA:63,0
DA:68,0
DA:70,0
DA:71,0
DA:74,0
LF:16
LH:0
BRF:0
BRH:0
end_of_record
TN:
SF:C:\Users\d-aam\GitHub\Certificates\contracts\Base\TokenGovernanceBaseContract.sol
FN:76,isFromChairPerson
FN:81,isAuthorizedToPropose
FN:95,isAuthorizedToCancel
FN:100,canVote
FN:106,PropositionInProgress
FN:111,PropositionInProgressFunc
FN:116,isFromTokenContract
FN:123,AuthorizedToVote
FN:128,totalSupply
FN:132,GetTokensBalance
FN:136,GetVotingTokens
FN:140,CheckIfPropositionActive
FN:156,TokenGovernanceContract_init
FN:166,addProposition
FN:180,cancelProposition
FN:187,voteProposition
FN:192,votePropositionOnBehalfOf
FN:200,votePropositionInternal
FN:222,checkSignature
FN:230,onTokenBalanceChanged
FN:236,InternalonTokenBalanceChanged
FN:241,transferVoting
FN:256,Voted
FN:261,checkProposition
FN:277,InternalCancelProposition
FN:282,retrievePropositionStatus
FN:291,retrieveVotesForVoter
FN:295,retrieveChairPerson
FN:299,retrieveNextPropId
FN:303,propositionApproved
FN:305,propositionRejected
FN:307,propositionExpired
FN:309,propositionCancelled
FNF:33
FNH:0
FNDA:0,isFromChairPerson
FNDA:0,isAuthorizedToPropose
FNDA:0,isAuthorizedToCancel
FNDA:0,canVote
FNDA:0,PropositionInProgress
FNDA:0,PropositionInProgressFunc
FNDA:0,isFromTokenContract
FNDA:0,AuthorizedToVote
FNDA:0,totalSupply
FNDA:0,GetTokensBalance
FNDA:0,GetVotingTokens
FNDA:0,CheckIfPropositionActive
FNDA:0,TokenGovernanceContract_init
FNDA:0,addProposition
FNDA:0,cancelProposition
FNDA:0,voteProposition
FNDA:0,votePropositionOnBehalfOf
FNDA:0,votePropositionInternal
FNDA:0,checkSignature
FNDA:0,onTokenBalanceChanged
FNDA:0,InternalonTokenBalanceChanged
FNDA:0,transferVoting
FNDA:0,Voted
FNDA:0,checkProposition
FNDA:0,InternalCancelProposition
FNDA:0,retrievePropositionStatus
FNDA:0,retrieveVotesForVoter
FNDA:0,retrieveChairPerson
FNDA:0,retrieveNextPropId
FNDA:0,propositionApproved
FNDA:0,propositionRejected
FNDA:0,propositionExpired
FNDA:0,propositionCancelled
DA:77,0
DA:78,0
DA:82,0
DA:83,0
DA:86,0
DA:87,0
DA:88,0
DA:91,0
DA:92,0
DA:96,0
DA:97,0
DA:101,0
DA:102,0
DA:103,0
DA:107,0
DA:108,0
DA:112,0
DA:117,0
DA:118,0
DA:124,0
DA:125,0
DA:129,0
DA:133,0
DA:137,0
DA:141,0
DA:143,0
DA:147,0
DA:148,0
DA:149,0
DA:151,0
DA:157,0
DA:158,0
DA:159,0
DA:160,0
DA:168,0
DA:169,0
DA:170,0
DA:171,0
DA:172,0
DA:173,0
DA:175,0
DA:182,0
DA:183,0
DA:184,0
DA:189,0
DA:194,0
DA:195,0
DA:202,0
DA:204,0
DA:206,0
DA:210,0
DA:213,0
DA:215,0
DA:217,0
DA:224,0
DA:225,0
DA:226,0
DA:233,0
DA:238,0
DA:243,0
DA:245,0
DA:246,0
DA:248,0
DA:250,0
DA:252,0
DA:258,0
DA:263,0
DA:265,0
DA:266,0
DA:267,0
DA:271,0
DA:272,0
DA:273,0
DA:279,0
DA:283,0
DA:292,0
DA:296,0
DA:300,0
LF:78
LH:0
BRDA:83,1,0,0
BRDA:83,1,1,0
BRDA:88,2,0,0
BRDA:88,2,1,0
BRDA:91,3,0,0
BRDA:91,3,1,0
BRDA:102,4,0,0
BRDA:102,4,1,0
BRDA:112,5,0,0
BRDA:112,5,1,0
BRDA:112,6,0,0
BRDA:112,6,1,0
BRDA:113,7,0,0
BRDA:113,7,1,0
BRDA:141,8,0,0
BRDA:141,8,1,0
BRDA:147,9,0,0
BRDA:147,9,1,0
BRDA:204,10,0,0
BRDA:204,10,1,0
BRDA:224,11,0,0
BRDA:224,11,1,0
BRDA:225,12,0,0
BRDA:225,12,1,0
BRDA:238,13,0,0
BRDA:238,13,1,0
BRDA:243,14,0,0
BRDA:243,14,1,0
BRDA:246,15,0,0
BRDA:246,15,1,0
BRDA:250,16,0,0
BRDA:250,16,1,0
BRDA:263,17,0,0
BRDA:263,17,1,0
BRDA:269,18,0,0
BRDA:269,18,1,0
BRF:36
BRH:0
end_of_record
TN:
SF:C:\Users\d-aam\GitHub\Certificates\contracts\DeployedContracts\CertificatesPoolManager.sol
FN:87,isNotInitialized
FN:93,CertificatesPoolManager_init
FN:101,InitializeContracts
FN:110,initProxies
FN:124,UpdateAll
FN:186,addTransparentProxy
FN:194,addBeacon
FN:202,upgradeTransparentProxy
FN:212,upgradeBeacon
FN:223,retrieveTransparentProxies
FN:232,retrieveBeacons
FN:242,retrieveProxyAdmin
FN:246,retrieveTransparentProxiesImpl
FN:255,retrieveBeaconsImpl
FN:264,isInitialized
FN:269,internalRetrieveTransparentProxyImpl
FN:273,internalRetrieveBeaconImpl
FNF:17
FNH:0
FNDA:0,isNotInitialized
FNDA:0,CertificatesPoolManager_init
FNDA:0,InitializeContracts
FNDA:0,initProxies
FNDA:0,UpdateAll
FNDA:0,addTransparentProxy
FNDA:0,addBeacon
FNDA:0,upgradeTransparentProxy
FNDA:0,upgradeBeacon
FNDA:0,retrieveTransparentProxies
FNDA:0,retrieveBeacons
FNDA:0,retrieveProxyAdmin
FNDA:0,retrieveTransparentProxiesImpl
FNDA:0,retrieveBeaconsImpl
FNDA:0,isInitialized
FNDA:0,internalRetrieveTransparentProxyImpl
FNDA:0,internalRetrieveBeaconImpl
DA:88,0
DA:89,0
DA:95,0
DA:96,0
DA:104,0
DA:105,0
DA:112,0
DA:114,0
DA:115,0
DA:117,0
DA:118,0
DA:120,0
DA:121,0
DA:127,0
DA:128,0
DA:129,0
DA:130,0
DA:133,0
DA:134,0
DA:140,0
DA:142,0
DA:143,0
DA:144,0
DA:149,0
DA:153,0
DA:154,0
DA:159,0
DA:161,0
DA:162,0
DA:163,0
DA:166,0
DA:169,0
DA:172,0
DA:173,0
DA:175,0
DA:176,0
DA:179,0
DA:188,0
DA:189,0
DA:190,0
DA:196,0
DA:197,0
DA:198,0
DA:204,0
DA:205,0
DA:206,0
DA:208,0
DA:214,0
DA:215,0
DA:216,0
DA:217,0
DA:225,0
DA:226,0
DA:227,0
DA:229,0
DA:234,0
DA:235,0
DA:236,0
DA:238,0
DA:243,0
DA:248,0
DA:249,0
DA:250,0
DA:252,0
DA:257,0
DA:258,0
DA:259,0
DA:261,0
DA:265,0
DA:270,0
DA:274,0
LF:71
LH:0
BRDA:88,1,0,0
BRDA:88,1,1,0
BRDA:142,2,0,0
BRDA:142,2,1,0
BRDA:161,3,0,0
BRDA:161,3,1,0
BRDA:172,4,0,0
BRDA:172,4,1,0
BRDA:175,5,0,0
BRDA:175,5,1,0
BRDA:188,6,0,0
BRDA:188,6,1,0
BRDA:196,7,0,0
BRDA:196,7,1,0
BRDA:205,8,0,0
BRDA:205,8,1,0
BRDA:206,9,0,0
BRDA:206,9,1,0
BRDA:215,10,0,0
BRDA:215,10,1,0
BRF:20
BRH:0
end_of_record
TN:
SF:C:\Users\d-aam\GitHub\Certificates\contracts\DeployedContracts\CertisToken.sol
FN:28,CertisToken_init
FN:37,decimals
FN:42,_beforeTokenTransfer
FNF:3
FNH:0
FNDA:0,CertisToken_init
FNDA:0,decimals
FNDA:0,_beforeTokenTransfer
DA:29,0
DA:30,0
DA:32,0
DA:33,0
DA:39,0
DA:44,0
DA:45,0
DA:47,0
DA:48,0
DA:49,0
DA:50,0
DA:51,0
LF:12
LH:0
BRDA:44,1,0,0
BRDA:44,1,1,0
BRF:2
BRH:0
end_of_record
TN:
SF:C:\Users\d-aam\GitHub\Certificates\contracts\DeployedContracts\ENS.sol
FN:35,isFromAuthorizedContract
FN:41,arePropositionsOK
FN:47,ENS_init
FN:65,checkProposition
FN:68,UpdateAll
FN:111,check
FN:116,createSubdomain
FN:134,retrieveSettings
FNF:8
FNH:0
FNDA:0,isFromAuthorizedContract
FNDA:0,arePropositionsOK
FNDA:0,ENS_init
FNDA:0,checkProposition
FNDA:0,UpdateAll
FNDA:0,check
FNDA:0,createSubdomain
FNDA:0,retrieveSettings
DA:36,0
DA:38,0
DA:42,0
DA:43,0
DA:49,0
DA:50,0
DA:51,0
DA:52,0
DA:53,0
DA:54,0
DA:55,0
DA:70,0
DA:71,0
DA:72,0
DA:73,0
DA:75,0
DA:76,0
DA:78,0
DA:79,0
DA:80,0
DA:83,0
DA:84,0
DA:85,0
DA:88,0
DA:89,0
DA:90,0
DA:93,0
DA:94,0
DA:95,0
DA:98,0
DA:99,0
DA:100,0
DA:103,0
DA:104,0
DA:105,0
DA:112,0
DA:118,0
DA:119,0
DA:121,0
DA:122,0
DA:124,0
DA:125,0
DA:127,0
DA:128,0
DA:129,0
DA:131,0
DA:136,0
LF:47
LH:0
BRDA:36,1,0,0
BRDA:36,1,1,0
BRDA:42,2,0,0
BRDA:42,2,1,0
BRDA:78,3,0,0
BRDA:78,3,1,0
BRDA:83,4,0,0
BRDA:83,4,1,0
BRDA:88,5,0,0
BRDA:88,5,1,0
BRDA:93,6,0,0
BRDA:93,6,1,0
BRDA:98,7,0,0
BRDA:98,7,1,0
BRDA:103,8,0,0
BRDA:103,8,1,0
BRDA:119,9,0,0
BRDA:119,9,1,0
BRDA:122,10,0,0
BRDA:122,10,1,0
BRF:20
BRH:0
end_of_record
TN:
SF:C:\Users\d-aam\GitHub\Certificates\contracts\DeployedContracts\PriceConverter.sol
FN:26,isAddressOK
FN:32,PriceConverter_init
FN:40,checkProposition
FN:43,UpdateAll
FN:52,fromUSDToETH
FN:64,retrieveSettings
FNF:6
FNH:0
FNDA:0,isAddressOK
FNDA:0,PriceConverter_init
FNDA:0,checkProposition
FNDA:0,UpdateAll
FNDA:0,fromUSDToETH
FNDA:0,retrieveSettings
DA:27,0
DA:28,0
DA:34,0
DA:35,0
DA:45,0
DA:46,0
DA:47,0
DA:48,0
DA:53,0
DA:54,0
DA:56,0
DA:57,0
DA:59,0
DA:61,0
DA:66,0
LF:15
LH:0
BRDA:27,1,0,0
BRDA:27,1,1,0
BRDA:59,2,0,0
BRDA:59,2,1,0
BRF:4
BRH:0
end_of_record
TN:
SF:C:\Users\d-aam\GitHub\Certificates\contracts\DeployedContracts\PrivateCertificatesPool.sol
FN:16,PrivateCertPool_init
FNF:1
FNH:0
FNDA:0,PrivateCertPool_init
DA:18,0
DA:20,0
DA:21,0
LF:3
LH:0
BRDA:20,1,0,0
BRDA:20,1,1,0
BRF:2
BRH:0
end_of_record
TN:
SF:C:\Users\d-aam\GitHub\Certificates\contracts\DeployedContracts\PrivatePoolFactory.sol
FN:17,PrivatePoolFactory_init
FN:22,create
FNF:2
FNH:0
FNDA:0,PrivatePoolFactory_init
FNDA:0,create
DA:18,0
DA:24,0
DA:25,0
DA:27,0
DA:28,0
DA:30,0
DA:31,0
LF:7
LH:0
BRDA:28,1,0,0
BRDA:28,1,1,0
BRF:2
BRH:0
end_of_record
TN:
SF:C:\Users\d-aam\GitHub\Certificates\contracts\DeployedContracts\PropositionSettings.sol
FN:26,areSettingsOKFunc
FN:32,PropositionSettings_init
FN:40,checkProposition
FN:45,UpdateAll
FN:58,InternalupdateSettings
FN:66,retrieveSettings
FNF:6
FNH:0
FNDA:0,areSettingsOKFunc
FNDA:0,PropositionSettings_init
FNDA:0,checkProposition
FNDA:0,UpdateAll
FNDA:0,InternalupdateSettings
FNDA:0,retrieveSettings
DA:27,0
DA:28,0
DA:34,0
DA:35,0
DA:36,0
DA:42,0
DA:47,0
DA:49,0
DA:50,0
DA:51,0
DA:53,0
DA:55,0
DA:60,0
DA:61,0
DA:62,0
DA:68,0
LF:16
LH:0
BRDA:27,1,0,0
BRDA:27,1,1,0
BRDA:28,2,0,0
BRDA:28,2,1,0
BRF:4
BRH:0
end_of_record
TN:
SF:C:\Users\d-aam\GitHub\Certificates\contracts\DeployedContracts\Provider.sol
FN:50,isAPool
FN:55,isAPoolFunc
FN:60,Provider_init
FN:75,addPool
FN:83,removePool
FN:88,validatePool
FN:93,rejectPool
FN:98,removeConfigForPool
FN:104,retrievePool
FN:109,retrievePoolConfg
FN:114,retrieveAllPools
FN:119,retrievePendingPools
FN:124,isPool
FN:129,extractCertIds
FN:154,addCertificate
FN:164,validateCertificate
FN:174,rejectCertificate
FN:182,GenerateStructsCert
FN:192,manipulateCertificate
FN:206,retrievePendingCertificates
FN:211,isCertificate
FN:216,internalisCertificate
FN:224,isCertificatePendingToAdded
FN:229,RemoveResizeCertificatesStructArray
FN:235,PositionInArray
FN:249,onItemValidated
FN:269,onItemRejected
FNF:27
FNH:0
FNDA:0,isAPool
FNDA:0,isAPoolFunc
FNDA:0,Provider_init
FNDA:0,addPool
FNDA:0,removePool
FNDA:0,validatePool
FNDA:0,rejectPool
FNDA:0,removeConfigForPool
FNDA:0,retrievePool
FNDA:0,retrievePoolConfg
FNDA:0,retrieveAllPools
FNDA:0,retrievePendingPools
FNDA:0,isPool
FNDA:0,extractCertIds
FNDA:0,addCertificate
FNDA:0,validateCertificate
FNDA:0,rejectCertificate
FNDA:0,GenerateStructsCert
FNDA:0,manipulateCertificate
FNDA:0,retrievePendingCertificates
FNDA:0,isCertificate
FNDA:0,internalisCertificate
FNDA:0,isCertificatePendingToAdded
FNDA:0,RemoveResizeCertificatesStructArray
FNDA:0,PositionInArray
FNDA:0,onItemValidated
FNDA:0,onItemRejected
DA:51,0
DA:52,0
DA:56,0
DA:62,0
DA:63,0
DA:64,0
DA:66,0
DA:67,0
DA:69,0
DA:70,0
DA:76,0
DA:77,0
DA:78,0
DA:80,0
DA:85,0
DA:90,0
DA:95,0
DA:100,0
DA:101,0
DA:106,0
DA:111,0
DA:116,0
DA:121,0
DA:126,0
DA:131,0
DA:132,0
DA:133,0
DA:134,0
DA:135,0
DA:137,0
DA:139,0
DA:140,0
DA:141,0
DA:144,0
DA:147,0
DA:149,0
DA:156,0
DA:159,0
DA:166,0
DA:169,0
DA:176,0
DA:179,0
DA:185,0
DA:186,0
DA:187,0
DA:188,0
DA:194,0
DA:196,0
DA:198,0
DA:200,0
DA:202,0
DA:203,0
DA:208,0
DA:213,0
DA:218,0
DA:219,0
DA:220,0
DA:221,0
DA:226,0
DA:231,0
DA:232,0
DA:237,0
DA:238,0
DA:243,0
DA:251,0
DA:253,0
DA:254,0
DA:256,0
DA:258,0
DA:259,0
DA:260,0
DA:264,0
DA:265,0
DA:271,0
DA:273,0
DA:274,0
DA:276,0
DA:279,0
LF:78
LH:0
BRDA:56,1,0,0
BRDA:56,1,1,0
BRDA:69,2,0,0
BRDA:69,2,1,0
BRDA:76,3,0,0
BRDA:76,3,1,0
BRDA:139,4,0,0
BRDA:139,4,1,0
BRDA:220,5,0,0
BRDA:220,5,1,0
BRDA:238,6,0,0
BRDA:238,6,1,0
BRDA:253,7,0,0
BRDA:253,7,1,0
BRDA:256,8,0,0
BRDA:256,8,1,0
BRDA:257,9,0,0
BRDA:257,9,1,0
BRDA:263,10,0,0
BRDA:263,10,1,0
BRDA:273,11,0,0
BRDA:273,11,1,0
BRDA:276,12,0,0
BRDA:276,12,1,0
BRDA:278,13,0,0
BRDA:278,13,1,0
BRF:26
BRH:0
end_of_record
TN:
SF:C:\Users\d-aam\GitHub\Certificates\contracts\DeployedContracts\ProviderFactory.sol
FN:17,ProviderFactory_init
FN:22,create
FNF:2
FNH:0
FNDA:0,ProviderFactory_init
FNDA:0,create
DA:18,0
DA:24,0
DA:25,0
DA:27,0
DA:28,0
DA:30,0
DA:31,0
LF:7
LH:0
BRDA:28,1,0,0
BRDA:28,1,1,0
BRF:2
BRH:0
end_of_record
TN:
SF:C:\Users\d-aam\GitHub\Certificates\contracts\DeployedContracts\PublicCertificatesPool.sol
FN:22,ProviderisNotActivated
FN:27,ProviderisNotPending
FN:35,PublicCertPool_init
FN:43,addProvider
FN:55,payBack
FN:64,onBeforeAddCertificate
FN:69,retrieveAddCertificatePriceWei
FN:75,retrieveSubscriptionPriceWei
FN:82,onItemValidated
FN:91,onItemRejected
FNF:10
FNH:0
FNDA:0,ProviderisNotActivated
FNDA:0,ProviderisNotPending
FNDA:0,PublicCertPool_init
FNDA:0,addProvider
FNDA:0,payBack
FNDA:0,onBeforeAddCertificate
FNDA:0,retrieveAddCertificatePriceWei
FNDA:0,retrieveSubscriptionPriceWei
FNDA:0,onItemValidated
FNDA:0,onItemRejected
DA:23,0
DA:24,0
DA:28,0
DA:29,0
DA:31,0
DA:36,0
DA:37,0
DA:46,0
DA:47,0
DA:48,0
DA:49,0
DA:50,0
DA:52,0
DA:57,0
DA:59,0
DA:60,0
DA:66,0
DA:71,0
DA:72,0
DA:77,0
DA:78,0
DA:84,0
DA:86,0
DA:87,0
DA:93,0
DA:95,0
DA:96,0
LF:27
LH:0
BRDA:23,1,0,0
BRDA:23,1,1,0
BRDA:29,2,0,0
BRDA:29,2,1,0
BRDA:86,3,0,0
BRDA:86,3,1,0
BRDA:87,4,0,0
BRDA:87,4,1,0
BRDA:95,5,0,0
BRDA:95,5,1,0
BRDA:96,6,0,0
BRDA:96,6,1,0
BRF:12
BRH:0
end_of_record
TN:
SF:C:\Users\d-aam\GitHub\Certificates\contracts\DeployedContracts\Treasury.sol
FN:60,areFundsEnough
FN:74,isBalanceEnough
FN:79,isFromPublicPool
FN:84,isPriceOK
FN:89,isPriceOKFunc
FN:95,Treasury_init
FN:103,checkProposition
FN:106,UpdateAll
FN:121,InternalupdatePrices
FN:132,pay
FN:142,InternalonTokenBalanceChanged
FN:149,InternalAssignDividends
FN:161,getRefund
FN:170,withdraw
FN:176,withdrawAll
FN:183,InternalWithdraw
FN:202,retrieveLastAssigned
FN:207,retrieveFullBalance
FN:212,retrieveSettings
FN:217,retrieveAggregatedAmount
FN:221,checkFullBalance
FN:227,sumUpTotal
FN:238,sumUpTotalOnBalance
FN:251,sumUpTotalOffBalance
FN:263,returnFactors
FN:267,returnBalanceForFactor
FN:271,addBalance
FN:282,substractBalance
FNF:28
FNH:0
FNDA:0,areFundsEnough
FNDA:0,isBalanceEnough
FNDA:0,isFromPublicPool
FNDA:0,isPriceOK
FNDA:0,isPriceOKFunc
FNDA:0,Treasury_init
FNDA:0,checkProposition
FNDA:0,UpdateAll
FNDA:0,InternalupdatePrices
FNDA:0,pay
FNDA:0,InternalonTokenBalanceChanged
FNDA:0,InternalAssignDividends
FNDA:0,getRefund
FNDA:0,withdraw
FNDA:0,withdrawAll
FNDA:0,InternalWithdraw
FNDA:0,retrieveLastAssigned
FNDA:0,retrieveFullBalance
FNDA:0,retrieveSettings
FNDA:0,retrieveAggregatedAmount
FNDA:0,checkFullBalance
FNDA:0,sumUpTotal
FNDA:0,sumUpTotalOnBalance
FNDA:0,sumUpTotalOffBalance
FNDA:0,returnFactors
FNDA:0,returnBalanceForFactor
FNDA:0,addBalance
FNDA:0,substractBalance
DA:61,0
DA:63,0
DA:68,0
DA:70,0
DA:71,0
DA:75,0
DA:76,0
DA:80,0
DA:81,0
DA:85,0
DA:86,0
DA:90,0
DA:97,0
DA:98,0
DA:108,0
DA:110,0
DA:111,0
DA:112,0
DA:113,0
DA:114,0
DA:116,0
DA:118,0
DA:123,0
DA:124,0
DA:125,0
DA:126,0
DA:127,0
DA:135,0
DA:136,0
DA:137,0
DA:139,0
DA:144,0
DA:145,0
DA:146,0
DA:151,0
DA:152,0
DA:154,0
DA:155,0
DA:156,0
DA:164,0
DA:165,0
DA:167,0
DA:173,0
DA:178,0
DA:179,0
DA:185,0
DA:186,0
DA:187,0
DA:188,0
DA:190,0
DA:191,0
DA:194,0
DA:196,0
DA:197,0
DA:199,0
DA:204,0
DA:209,0
DA:214,0
DA:218,0
DA:222,0
DA:224,0
DA:229,0
DA:230,0
DA:232,0
DA:233,0
DA:235,0
DA:240,0
DA:241,0
DA:242,0
DA:244,0
DA:245,0
DA:248,0
DA:253,0
DA:255,0
DA:257,0
DA:260,0
DA:264,0
DA:268,0
DA:273,0
DA:274,0
DA:276,0
DA:278,0
DA:284,0
DA:286,0
DA:288,0
DA:290,0
LF:86
LH:0
BRDA:63,1,0,0
BRDA:63,1,1,0
BRDA:64,2,0,0
BRDA:64,2,1,0
BRDA:65,3,0,0
BRDA:65,3,1,0
BRDA:70,4,0,0
BRDA:70,4,1,0
BRDA:75,5,0,0
BRDA:75,5,1,0
BRDA:90,6,0,0
BRDA:90,6,1,0
BRDA:136,7,0,0
BRDA:136,7,1,0
BRDA:145,8,0,0
BRDA:145,8,1,0
BRDA:146,9,0,0
BRDA:146,9,1,0
BRDA:154,10,0,0
BRDA:154,10,1,0
BRDA:197,11,0,0
BRDA:197,11,1,0
BRDA:255,12,0,0
BRDA:255,12,1,0
BRDA:273,13,0,0
BRDA:273,13,1,0
BRDA:274,14,0,0
BRDA:274,14,1,0
BRDA:284,15,0,0
BRDA:284,15,1,0
BRDA:288,16,0,0
BRDA:288,16,1,0
BRF:32
BRH:0
end_of_record
TN:
SF:C:\Users\d-aam\GitHub\Certificates\contracts\Interfaces\IENS.sol
FNF:0
FNH:0
LF:0
LH:0
BRF:0
BRH:0
end_of_record
TN:
SF:C:\Users\d-aam\GitHub\Certificates\contracts\Interfaces\IENSRegistry.sol
FNF:0
FNH:0
LF:0
LH:0
BRF:0
BRH:0
end_of_record
TN:
SF:C:\Users\d-aam\GitHub\Certificates\contracts\Interfaces\IENSResolver.sol
FNF:0
FNH:0
LF:0
LH:0
BRF:0
BRH:0
end_of_record
TN:
SF:C:\Users\d-aam\GitHub\Certificates\contracts\Interfaces\IENSReverseRegistry.sol
FNF:0
FNH:0
LF:0
LH:0
BRF:0
BRH:0
end_of_record
TN:
SF:C:\Users\d-aam\GitHub\Certificates\contracts\Interfaces\IFactory.sol
FNF:0
FNH:0
LF:0
LH:0
BRF:0
BRH:0
end_of_record
TN:
SF:C:\Users\d-aam\GitHub\Certificates\contracts\Interfaces\IManager.sol
FNF:0
FNH:0
LF:0
LH:0
BRF:0
BRH:0
end_of_record
TN:
SF:C:\Users\d-aam\GitHub\Certificates\contracts\Interfaces\IMultiSigContract.sol
FNF:0
FNH:0
LF:0
LH:0
BRF:0
BRH:0
end_of_record
TN:
SF:C:\Users\d-aam\GitHub\Certificates\contracts\Interfaces\IPool.sol
FNF:0
FNH:0
LF:0
LH:0
BRF:0
BRH:0
end_of_record
TN:
SF:C:\Users\d-aam\GitHub\Certificates\contracts\Interfaces\IPriceConverter.sol
FNF:0
FNH:0
LF:0
LH:0
BRF:0
BRH:0
end_of_record
TN:
SF:C:\Users\d-aam\GitHub\Certificates\contracts\Interfaces\IPropositionSettings.sol
FNF:0
FNH:0
LF:0
LH:0
BRF:0
BRH:0
end_of_record
TN:
SF:C:\Users\d-aam\GitHub\Certificates\contracts\Interfaces\IProvider.sol
FNF:0
FNH:0
LF:0
LH:0
BRF:0
BRH:0
end_of_record
TN:
SF:C:\Users\d-aam\GitHub\Certificates\contracts\Interfaces\ISignatureBaseContract.sol
FNF:0
FNH:0
LF:0
LH:0
BRF:0
BRH:0
end_of_record
TN:
SF:C:\Users\d-aam\GitHub\Certificates\contracts\Interfaces\IStdPropositionBaseContract.sol
FNF:0
FNH:0
LF:0
LH:0
BRF:0
BRH:0
end_of_record
TN:
SF:C:\Users\d-aam\GitHub\Certificates\contracts\Interfaces\ITokenEventSubscriber.sol
FNF:0
FNH:0
LF:0
LH:0
BRF:0
BRH:0
end_of_record
TN:
SF:C:\Users\d-aam\GitHub\Certificates\contracts\Interfaces\ITreasury.sol
FNF:0
FNH:0
LF:0
LH:0
BRF:0
BRH:0
end_of_record
TN:
SF:C:\Users\d-aam\GitHub\Certificates\contracts\Libraries\AddressLibrary.sol
FN:15,FindAddress
FN:23,AddressArrayRemoveResize
FN:29,AddressToBytes32
FN:33,Bytes32ToAddress
FN:37,UintToAddress
FN:41,AddressToUint
FNF:6
FNH:0
FNDA:0,FindAddress
FNDA:0,AddressArrayRemoveResize
FNDA:0,AddressToBytes32
FNDA:0,Bytes32ToAddress
FNDA:0,UintToAddress
FNDA:0,AddressToUint
DA:16,0
DA:17,0
DA:20,0
DA:25,0
DA:26,0
DA:30,0
DA:34,0
DA:38,0
DA:42,0
LF:9
LH:0
BRDA:17,1,0,0
BRDA:17,1,1,0
BRF:2
BRH:0
end_of_record
TN:
SF:C:\Users\d-aam\GitHub\Certificates\contracts\Libraries\ItemsLibrary.sol
FN:50,ItemNotActivated
FN:54,ItemActivated
FN:58,ItemNotPending
FN:63,ItemPending
FN:68,HasNotAlreadyVoted
FN:100,CheckValidations
FN:105,ReturnManipulateStructContent
FN:113,deleteVoters
FN:120,RemoveResizePending
FN:134,RemoveResizeActivated
FN:149,addItem
FN:164,removeItem
FN:177,validateItem
FN:215,rejectItem
FN:254,isItem
FN:258,isItemPendingToAdded
FN:266,isItemPendingToRemoved
FN:274,retrievePendingItems
FN:284,retrieveItem
FN:289,retrieveAllItems
FN:294,hasVoted
FNF:21
FNH:0
FNDA:0,ItemNotActivated
FNDA:0,ItemActivated
FNDA:0,ItemNotPending
FNDA:0,ItemPending
FNDA:0,HasNotAlreadyVoted
FNDA:0,CheckValidations
FNDA:0,ReturnManipulateStructContent
FNDA:0,deleteVoters
FNDA:0,RemoveResizePending
FNDA:0,RemoveResizeActivated
FNDA:0,addItem
FNDA:0,removeItem
FNDA:0,validateItem
FNDA:0,rejectItem
FNDA:0,isItem
FNDA:0,isItemPendingToAdded
FNDA:0,isItemPendingToRemoved
FNDA:0,retrievePendingItems
FNDA:0,retrieveItem
FNDA:0,retrieveAllItems
FNDA:0,hasVoted
DA:51,0
DA:55,0
DA:59,0
DA:64,0
DA:69,0
DA:101,0
DA:102,0
DA:107,0
DA:114,0
DA:115,0
DA:116,0
DA:122,0
DA:123,0
DA:125,0
DA:127,0
DA:128,0
DA:129,0
DA:136,0
DA:137,0
DA:139,0
DA:141,0
DA:142,0
DA:143,0
DA:151,0
DA:152,0
DA:154,0
DA:155,0
DA:157,0
DA:158,0
DA:159,0
DA:161,0
DA:166,0
DA:167,0
DA:169,0
DA:171,0
DA:172,0
DA:174,0
DA:179,0
DA:180,0
DA:182,0
DA:184,0
DA:186,0
DA:188,0
DA:190,0
DA:191,0
DA:192,0
DA:194,0
DA:196,0
DA:197,0
DA:199,0
DA:200,0
DA:203,0
DA:204,0
DA:206,0
DA:207,0
DA:209,0
DA:210,0
DA:217,0
DA:218,0
DA:220,0
DA:222,0
DA:224,0
DA:227,0
DA:229,0
DA:231,0
DA:232,0
DA:234,0
DA:235,0
DA:239,0
DA:241,0
DA:242,0
DA:244,0
DA:245,0
DA:255,0
DA:260,0
DA:261,0
DA:263,0
DA:268,0
DA:269,0
DA:271,0
DA:276,0
DA:278,0
DA:281,0
DA:286,0
DA:291,0
DA:296,0
LF:86
LH:0
BRDA:51,1,0,0
BRDA:51,1,1,0
BRDA:55,2,0,0
BRDA:55,2,1,0
BRDA:59,3,0,0
BRDA:59,3,1,0
BRDA:64,4,0,0
BRDA:64,4,1,0
BRDA:69,5,0,0
BRDA:69,5,1,0
BRDA:101,6,0,0
BRDA:101,6,1,0
BRDA:127,7,0,0
BRDA:127,7,1,0
BRDA:141,8,0,0
BRDA:141,8,1,0
BRDA:186,9,0,0
BRDA:186,9,1,0
BRDA:188,10,0,0
BRDA:188,10,1,0
BRDA:197,11,0,0
BRDA:197,11,1,0
BRDA:207,12,0,0
BRDA:207,12,1,0
BRDA:224,13,0,0
BRDA:224,13,1,0
BRDA:227,14,0,0
BRDA:227,14,1,0
BRDA:232,15,0,0
BRDA:232,15,1,0
BRDA:242,16,0,0
BRDA:242,16,1,0
BRDA:260,17,0,0
BRDA:260,17,1,0
BRDA:261,18,0,0
BRDA:261,18,1,0
BRDA:268,19,0,0
BRDA:268,19,1,0
BRDA:269,20,0,0
BRDA:269,20,1,0
BRDA:278,21,0,0
BRDA:278,21,1,0
BRF:42
BRH:0
end_of_record
TN:
SF:C:\Users\d-aam\GitHub\Certificates\contracts\Libraries\Library.sol
FN:35,IdCorrect
FN:39,ItIsSomeone
FN:43,ArrayRemoveResize
FN:50,Bytes32ArrayToString
FN:54,BytestoBytes32
FN:72,Bytes32toBytes
FNF:6
FNH:0
FNDA:0,IdCorrect
FNDA:0,ItIsSomeone
FNDA:0,ArrayRemoveResize
FNDA:0,Bytes32ArrayToString
FNDA:0,BytestoBytes32
FNDA:0,Bytes32toBytes
DA:36,0
DA:40,0
DA:45,0
DA:46,0
DA:47,0
DA:51,0
DA:55,0
DA:56,0
DA:57,0
DA:59,0
DA:60,0
DA:61,0
DA:62,0
DA:65,0
DA:66,0
DA:69,0
DA:73,0
LF:17
LH:0
BRDA:36,1,0,0
BRDA:36,1,1,0
BRDA:40,2,0,0
BRDA:40,2,1,0
BRF:4
BRH:0
end_of_record
TN:
SF:C:\Users\d-aam\GitHub\Certificates\contracts\Libraries\SignatureLibrary.sol
FN:19,verifyAddCertificate
FN:25,getMessageHashAddCertificate
FN:39,verifyVote
FN:45,getMessageHashVote
FN:59,verify
FN:66,getDomainHash
FN:79,recoverSigner
FN:85,splitSignature
FNF:8
FNH:0
FNDA:0,verifyAddCertificate
FNDA:0,getMessageHashAddCertificate
FNDA:0,verifyVote
FNDA:0,getMessageHashVote
FNDA:0,verify
FNDA:0,getDomainHash
FNDA:0,recoverSigner
FNDA:0,splitSignature
DA:21,0
DA:22,0
DA:27,0
DA:41,0
DA:42,0
DA:47,0
DA:61,0
DA:62,0
DA:63,0
DA:68,0
DA:81,0
DA:82,0
DA:87,0
DA:88,0
LF:14
LH:0
BRDA:87,1,0,0
BRDA:87,1,1,0
BRF:2
BRH:0
end_of_record
TN:
SF:C:\Users\d-aam\GitHub\Certificates\contracts\Libraries\UintLibrary.sol
FN:15,FindUintPosition
FN:24,ProductOfFactors
FN:34,UintArrayRemoveResize
FN:40,UintToBytes32
FN:45,Bytes32ToUint
FNF:5
FNH:0
FNDA:0,FindUintPosition
FNDA:0,ProductOfFactors
FNDA:0,UintArrayRemoveResize
FNDA:0,UintToBytes32
FNDA:0,Bytes32ToUint
DA:17,0
DA:18,0
DA:21,0
DA:26,0
DA:27,0
DA:28,0
DA:31,0
DA:36,0
DA:37,0
DA:42,0
DA:47,0
LF:11
LH:0
BRDA:18,1,0,0
BRDA:18,1,1,0
BRF:2
BRH:0
end_of_record
TN:
SF:C:\Users\d-aam\GitHub\Certificates\contracts\Migration\Migrations.sol
FN:8,restricted
FN:16,setCompleted
FNF:2
FNH:2
FNDA:1,restricted
FNDA:1,setCompleted
DA:9,1
DA:13,1
DA:17,1
LF:3
LH:3
BRDA:9,1,0,1
BRDA:9,1,1,0
BRF:2
BRH:1
end_of_record
TN:
SF:C:\Users\d-aam\GitHub\Certificates\contracts\Mock\MockChainLinkFeedRegistry.sol
FN:14,constructor
FN:19,latestRoundData
FN:31,decimals
FNF:3
FNH:0
FNDA:0,constructor
FNDA:0,latestRoundData
FNDA:0,decimals
DA:15,0
DA:16,0
DA:28,0
DA:32,0
LF:4
LH:0
BRF:0
BRH:0
end_of_record
TN:
SF:C:\Users\d-aam\GitHub\Certificates\contracts\Mock\MockENSRegistry.sol
FN:25,authorised
FN:34,constructor
FN:45,setRecord
FN:58,setSubnodeRecord
FN:68,setOwner
FN:79,setSubnodeOwner
FN:91,setResolver
FN:101,setTTL
FN:112,setApprovalForAll
FN:122,owner
FN:136,resolver
FN:145,ttl
FN:154,recordExists
FN:164,isApprovedForAll
FN:168,_setOwner
FN:172,_setResolverAndTTL
FNF:16
FNH:0
FNDA:0,authorised
FNDA:0,constructor
FNDA:0,setRecord
FNDA:0,setSubnodeRecord
FNDA:0,setOwner
FNDA:0,setSubnodeOwner
FNDA:0,setResolver
FNDA:0,setTTL
FNDA:0,setApprovalForAll
FNDA:0,owner
FNDA:0,resolver
FNDA:0,ttl
FNDA:0,recordExists
FNDA:0,isApprovedForAll
FNDA:0,_setOwner
FNDA:0,_setResolverAndTTL
DA:26,0
DA:27,0
DA:28,0
DA:35,0
DA:46,0
DA:47,0
DA:59,0
DA:60,0
DA:69,0
DA:70,0
DA:80,0
DA:81,0
DA:82,0
DA:83,0
DA:92,0
DA:93,0
DA:102,0
DA:103,0
DA:113,0
DA:114,0
DA:123,0
DA:124,0
DA:125,0
DA:128,0
DA:137,0
DA:146,0
DA:155,0
DA:165,0
DA:169,0
DA:173,0
DA:174,0
DA:175,0
DA:178,0
DA:179,0
DA:180,0
LF:35
LH:0
BRDA:27,1,0,0
BRDA:27,1,1,0
BRDA:124,2,0,0
BRDA:124,2,1,0
BRDA:173,3,0,0
BRDA:173,3,1,0
BRDA:178,4,0,0
BRDA:178,4,1,0
BRF:8
BRH:0
end_of_record
TN:
SF:C:\Users\d-aam\GitHub\Certificates\contracts\Mock\MockENSResolver.sol
FN:20,authorised
FN:25,bytesToAddress
FN:32,addressToBytes
FN:56,setAddr
FN:65,addr
FN:73,setAddr
FN:81,addr
FN:99,setName
FN:110,name
FN:130,constructor
FN:146,setAuthorisation
FN:151,isAuthorised
FN:156,multicall
FNF:13
FNH:0
FNDA:0,authorised
FNDA:0,bytesToAddress
FNDA:0,addressToBytes
FNDA:0,setAddr
FNDA:0,addr
FNDA:0,setAddr
FNDA:0,addr
FNDA:0,setName
FNDA:0,name
FNDA:0,constructor
FNDA:0,setAuthorisation
FNDA:0,isAuthorised
FNDA:0,multicall
DA:21,0
DA:22,0
DA:26,0
DA:27,0
DA:33,0
DA:34,0
DA:57,0
DA:66,0
DA:67,0
DA:68,0
DA:70,0
DA:74,0
DA:75,0
DA:76,0
DA:78,0
DA:82,0
DA:100,0
DA:101,0
DA:111,0
DA:131,0
DA:147,0
DA:148,0
DA:152,0
DA:153,0
DA:157,0
DA:158,0
DA:159,0
DA:160,0
DA:161,0
DA:163,0
LF:30
LH:0
BRDA:21,1,0,0
BRDA:21,1,1,0
BRDA:26,2,0,0
BRDA:26,2,1,0
BRDA:67,3,0,0
BRDA:67,3,1,0
BRDA:75,4,0,0
BRDA:75,4,1,0
BRDA:160,5,0,0
BRDA:160,5,1,0
BRF:10
BRH:0
end_of_record
TN:
SF:C:\Users\d-aam\GitHub\Certificates\contracts\Mock\MockENSReverseRegistry.sol
FN:30,constructor
FN:47,claim
FN:58,claimWithResolver
FN:62,claimWithResolver_int
FN:92,setName
FN:103,node
FN:114,sha3HexAddress
FN:133,getDefaultResolver
FNF:8
FNH:0
FNDA:0,constructor
FNDA:0,claim
FNDA:0,claimWithResolver
FNDA:0,claimWithResolver_int
FNDA:0,setName
FNDA:0,node
FNDA:0,sha3HexAddress
FNDA:0,getDefaultResolver
DA:31,0
DA:32,0
DA:35,0
DA:36,0
DA:37,0
DA:48,0
DA:59,0
DA:63,0
DA:64,0
DA:65,0
DA:68,0
DA:70,0
DA:71,0
DA:72,0
DA:74,0
DA:78,0
DA:79,0
DA:82,0
DA:93,0
DA:94,0
DA:95,0
DA:104,0
DA:115,0
DA:116,0
DA:117,0
DA:134,0
LF:26
LH:0
BRDA:36,1,0,0
BRDA:36,1,1,0
BRDA:68,2,0,0
BRDA:68,2,1,0
BRDA:70,3,0,0
BRDA:70,3,1,0
BRDA:78,4,0,0
BRDA:78,4,1,0
BRF:8
BRH:0
end_of_record
